[2023-10-27 14:12:30.131] [DISPLAY] [Main ] [sysinfo] OS Version: Major: 10 Minor: 0 Build: 19045 Service Pack: 
[2023-10-27 14:12:30.155] [DISPLAY] [Main ] [sysinfo] OS Version: Major: 10 Minor: 0 Build: 19045 Service Pack: 
[2023-10-27 14:12:30.177] [DISPLAY] [Main ] [main] Working directory: C:\Program Files\Rockstar Games\Launcher
[2023-10-27 14:12:30.202] [DISPLAY] [Main ] [minmode] Running in Steam mode
[2023-10-27 14:12:30.202] [DISPLAY] [Main ] [minmode] Steam App Id: 1174180
[2023-10-27 14:12:30.202] [DISPLAY] [Main ] [minmode] Title Id: rdr2
[2023-10-27 14:12:30.202] [DISPLAY] [Main ] [minmode] Location: C:\Program Files (x86)\Steam\steamapps\common\Red Dead Redemption 2
[2023-10-27 14:12:30.202] [DISPLAY] [Main ] [launcher] Opening log file.
[2023-10-27 14:12:30.219] [DISPLAY] [Main ] [main] Command line: "C:\Program Files\Rockstar Games\Launcher\Launcher.exe" -skipPatcherCheck -steamAppId=1174180 @args.txt -upgrade
[2023-10-27 14:12:30.219] [DISPLAY] [Main ] [main] Build type: FMB
[2023-10-27 14:12:30.219] [DISPLAY] [Main ] [main] Version: 1.0.79.1653
[2023-10-27 14:12:30.219] [DISPLAY] [Main ] [main] Parameters:
[2023-10-27 14:12:30.219] [DISPLAY] [Main ] [main]     C:\Program Files\Rockstar Games\Launcher\Launcher.exe
[2023-10-27 14:12:30.219] [DISPLAY] [Main ] [main]     -skipPatcherCheck
[2023-10-27 14:12:30.219] [DISPLAY] [Main ] [main]     -steamAppId=1174180
[2023-10-27 14:12:30.219] [DISPLAY] [Main ] [main]     @args.txt
[2023-10-27 14:12:30.219] [DISPLAY] [Main ] [main]     -upgrade
[2023-10-27 14:12:30.262] [DISPLAY] [Main ] [titlemanager] Installed titles:
[2023-10-27 14:12:30.262] [DISPLAY] [Main ] [titlemanager]  Title                             Progress               Version              Location                                                    
[2023-10-27 14:12:30.278] [DISPLAY] [Main ] [svc] Service version: 1.0.79.1653 (1.0.79.1653)
[2023-10-27 14:12:30.468] [DISPLAY] [Main ] [fileutils] Version: 2.2.0.6 | 1.0.79.1653 | FFP
[2023-10-27 14:12:30.736] [DISPLAY] [Workr] [selfupdate] Up-to-date.
[2023-10-27 14:12:31.421] [DISPLAY] [Main ] [systemtray] System tray: enabled
[2023-10-27 14:12:31.900] [DISPLAY] [bgsvc] [svc] Received response from service.
[2023-10-27 14:12:31.943] [DISPLAY] [Workr] [idownloader] Starting download of 'https://gamedownloads-rockstargames-com.akamaized.net/public/launcher_online_config.xml'
[2023-10-27 14:12:32.031] [DISPLAY] [Workr] [idownloader] Completed download of 'https://gamedownloads-rockstargames-com.akamaized.net/public/launcher_online_config.xml' (status: 0/200)
[2023-10-27 14:12:32.031] [DISPLAY] [Workr] [titlemanager] Downloading title list...
[2023-10-27 14:12:32.091] [DISPLAY] [Workr] [idownloader] Starting download of 'https://gamedownloads-rockstargames-com.akamaized.net/public/title_metadata.json'
[2023-10-27 14:12:32.135] [DISPLAY] [Workr] [idownloader] Completed download of 'https://gamedownloads-rockstargames-com.akamaized.net/public/title_metadata.json' (status: 0/200)
[2023-10-27 14:12:32.219] [DISPLAY] [Workr] [titlemanager] Downloading default title list (SCS)...
[2023-10-27 14:12:32.219] [DISPLAY] [Workr] [idownloader] Starting download of 'https://rgl-prod.ros.rockstargames.com/launcher/11/LauncherServices/App.asmx/GetDefaultApps?accessToken='
[2023-10-27 14:12:32.999] [DISPLAY] [Workr] [idownloader] Completed download of 'https://rgl-prod.ros.rockstargames.com/launcher/11/LauncherServices/App.asmx/GetDefaultApps?accessToken=' (status: 0/200)
[2023-10-27 14:12:33.000] [DISPLAY] [Workr] [titlemanager] Title list updated.
[2023-10-27 14:12:33.000] [DISPLAY] [Workr] [launcher] Checking for prerequisite updates...
[2023-10-27 14:12:33.141] [DISPLAY] [Workr] [preqmanager] A newer version of Social Club is available to be installed (available: 2.2.1.8, installed: 2.2.0.6)
[2023-10-27 14:12:33.141] [DISPLAY] [Workr] [preqmanager] Flagging Social Club for reinstall.
[2023-10-27 14:12:33.203] [DISPLAY] [Workr] [titleupdater] Installing prerequisites for title launcher
[2023-10-27 14:12:33.207] [DISPLAY] [Workr] [preqmanager] Installer version: 2.2.1.8
[2023-10-27 14:12:33.207] [DISPLAY] [Workr] [preqmanager] About to launch process: C:\Program Files\Rockstar Games\Launcher\Redistributables\SocialClub\Social-Club-Setup.exe (with commandline: /silent)
[2023-10-27 14:14:36.284] [ ERROR ] [Workr] [preqmanager] Error launching process: 1223
[2023-10-27 14:14:36.285] [ ERROR ] [Workr] [launcher] Unable to install prerequisites!
[2023-10-27 14:14:39.740] [DISPLAY] [Main ] [launcher] Social Club UI has started.
[2023-10-27 14:14:39.744] [DISPLAY] [Main ] [external] Notifying Social Club UI about external launch...
[2023-10-27 14:14:39.744] [DISPLAY] [Admin] [external] Setting up Steam title...
[2023-10-27 14:14:39.745] [DISPLAY] [Admin] [idownloader] Starting download of 'https://gamedownloads-rockstargames-com.akamaized.net/public/title_metadata.json'
[2023-10-27 14:14:39.947] [DISPLAY] [Admin] [idownloader] Completed download of 'https://gamedownloads-rockstargames-com.akamaized.net/public/title_metadata.json' (status: 0/200)
[2023-10-27 14:14:40.011] [DISPLAY] [Admin] [external] Ready to attempt a launch.
[2023-10-27 14:14:44.863] [DISPLAY] [Main ] [launcher] Presence Event - Signed In
[2023-10-27 14:14:44.863] [DISPLAY] [Main ] [launcher] User 'Pedropotee' is now signed in
[2023-10-27 14:14:44.928] [DISPLAY] [Main ] [launcher] Presence Event :: Went Online
[2023-10-27 14:14:44.928] [DISPLAY] [Main ] [external] Preparing to update/launch...
[2023-10-27 14:14:44.928] [DISPLAY] [Admin] [titlemanager] Downloading title list...
[2023-10-27 14:14:44.929] [DISPLAY] [Admin] [idownloader] Starting download of 'https://gamedownloads-rockstargames-com.akamaized.net/public/title_metadata.json'
[2023-10-27 14:14:44.929] [DISPLAY] [Main ] [launcher] Time to start up: 134931 ms
[2023-10-27 14:14:44.938] [DISPLAY] [Main ] [ui_mainwindow] Using DPI 96,96
[2023-10-27 14:14:44.938] [DISPLAY] [Main ] [ui_mainwindow] Using UI Scale: 1.00
[2023-10-27 14:14:44.941] [DISPLAY] [Main ] [ui_mainwindow] Using saved geometry: 0,45 (1280 x 600)
[2023-10-27 14:14:44.966] [DISPLAY] [Main ] [systemtray] System tray: enabled
[2023-10-27 14:14:45.020] [DISPLAY] [Main ] [scuicallbacks] Enabling Downloading
[2023-10-27 14:14:45.125] [DISPLAY] [Main ] [launcher] Friend Event - Friends are Available
[2023-10-27 14:14:45.132] [DISPLAY] [Admin] [idownloader] Completed download of 'https://gamedownloads-rockstargames-com.akamaized.net/public/title_metadata.json' (status: 0/200)
[2023-10-27 14:14:45.182] [DISPLAY] [Admin] [titlemanager] Downloading title list (SCS)...
[2023-10-27 14:14:45.447] [DISPLAY] [Main ] [scuicallbacks] Setting updated
[2023-10-27 14:14:45.447] [DISPLAY] [Main ] [scuicallbacks] Launch requested
[2023-10-27 14:14:45.447] [DISPLAY] [Main ] [scuicallbacks] Launch requested by user: rdr2, 
[2023-10-27 14:14:45.447] [DISPLAY] [Main ] [external] Attempting external title launch...
[2023-10-27 14:14:46.072] [DISPLAY] [Admin] [titlemanager] Title list updated.
[2023-10-27 14:14:46.077] [DISPLAY] [Admin] [external] Ready to attempt a launch.
[2023-10-27 14:14:46.077] [DISPLAY] [Admin] [external] Attempting Steam launch. User is 'Pedro GODoy'
[2023-10-27 14:14:46.243] [DISPLAY] [11632] [gamelaunch] RGL is up to date (current: 1.0.79.1653, minimum: 1.0.33.319)
[2023-10-27 14:14:46.247] [DISPLAY] [11632] [gamelaunch] Red Dead Redemption 2 is up to date (current: 1.0.1491.18, minimum: 1.0.1355.18)
[2023-10-27 14:14:47.943] [DISPLAY] [Admin] [titlemanager] Downloading title list...
[2023-10-27 14:14:47.944] [DISPLAY] [Admin] [idownloader] Starting download of 'https://gamedownloads-rockstargames-com.akamaized.net/public/title_metadata.json'
[2023-10-27 14:14:48.214] [DISPLAY] [Admin] [idownloader] Completed download of 'https://gamedownloads-rockstargames-com.akamaized.net/public/title_metadata.json' (status: 0/200)
[2023-10-27 14:14:48.273] [DISPLAY] [Admin] [titlemanager] Downloading title list (SCS)...
[2023-10-27 14:14:49.261] [DISPLAY] [Admin] [titlemanager] Title list updated.
[2023-10-27 14:14:51.938] [DISPLAY] [Main ] [cloudsaveop] Cloud Save sync requested for title 'rdr2'
[2023-10-27 14:14:51.955] [DISPLAY] [Main ] [cloudsaveop] Starting cloud save enabled check for title 'rdr2'
[2023-10-27 14:14:51.961] [DISPLAY] [Main ] [cloudsaveop] Received cloud saves enabled state for title 'rdr2' = enabled
[2023-10-27 14:14:51.961] [DISPLAY] [Main ] [cloudsaveop] Identifying potential cloud save conflicts for title 'rdr2'
[2023-10-27 14:14:52.787] [DISPLAY] [Main ] [cloudsaveop] Received modification list of cloud save files for title 'rdr2'
[2023-10-27 14:14:52.787] [DISPLAY] [Main ] [cloudsaveop] Retrieving conflict metadata for title 'rdr2'
[2023-10-27 14:14:52.804] [DISPLAY] [Main ] [cloudsaveop] Downloaded conflict metadata for title 'rdr2'
[2023-10-27 14:14:52.804] [DISPLAY] [Main ] [cloudsaveop] Posting updated files for title 'rdr2'
[2023-10-27 14:14:52.821] [DISPLAY] [Main ] [cloudsaveop] File uploading completed for title 'rdr2'
[2023-10-27 14:14:52.821] [DISPLAY] [Main ] [cloudsaveop] Getting update files for title 'rdr2'
[2023-10-27 14:14:52.838] [DISPLAY] [Main ] [cloudsaveop] File downloading completed for title 'rdr2'
[2023-10-27 14:14:52.838] [DISPLAY] [Main ] [cloudsaveop] Deleting updated files for title 'rdr2'
[2023-10-27 14:14:52.856] [DISPLAY] [Main ] [cloudsaveop] Files deletion completed for title 'rdr2'
[2023-10-27 14:14:52.856] [DISPLAY] [Main ] [cloudsaveop] Swapping updated files in place for title 'rdr2'
[2023-10-27 14:14:52.875] [DISPLAY] [Main ] [cloudsaveop] Finished syncing cloud saves for title 'rdr2'
[2023-10-27 14:14:52.954] [DISPLAY] [net2 ] [audio] Valid Audio Device: true
[2023-10-27 14:14:54.011] [DISPLAY] [11632] [gamelaunch] Launching game...
[2023-10-27 14:14:54.011] [DISPLAY] [11632] [gamelaunch]  Path: C:\Program Files (x86)\Steam\steamapps\common\Red Dead Redemption 2\RDR2.exe
[2023-10-27 14:14:54.011] [DISPLAY] [11632] [gamelaunch]  Command Line: "C:\Program Files (x86)\Steam\steamapps\common\Red Dead Redemption 2\RDR2.exe" -skipPatcherCheck @args.txt -upgrade @commandline.txt -enableCrashpad -useSteam -steamAppId=1174180 -scCommerceProvider=4
[2023-10-27 14:14:54.011] [DISPLAY] [11632] [gamelaunch]  Working Directory: C:\Program Files (x86)\Steam\steamapps\common\Red Dead Redemption 2
[2023-10-27 14:18:06.043] [DISPLAY] [Main ] [sysinfo] OS Version: Major: 10 Minor: 0 Build: 19045 Service Pack: 
[2023-10-27 14:18:06.057] [DISPLAY] [Main ] [sysinfo] Drive C:\ has 35.65 GB free, 476.30 GB total
[2023-10-27 14:18:06.269] [DISPLAY] [Main ] [sysinfo] OS Version: Major: 10 Minor: 0 Build: 19045 Service Pack: 
[2023-10-27 14:18:06.281] [DISPLAY] [Main ] [sysinfo] OS Version: Major: 10 Minor: 0 Build: 19045 Service Pack: 
[2023-10-27 14:18:06.295] [DISPLAY] [Main ] [sysinfo] Drive C:\ has 35.65 GB free, 476.30 GB total
[2023-10-27 14:18:06.332] [DISPLAY] [Main ] [sysinfo] OS Version: Major: 10 Minor: 0 Build: 19045 Service Pack: 
[2023-10-27 14:23:52.900] [DISPLAY] [11632] [gamelaunch] Game exited with code 0x0 (0)
[2023-10-27 14:23:52.900] [DISPLAY] [11632] [crashdetection] Reading game exit file...
[2023-10-27 14:23:52.901] [DISPLAY] [11632] [crashdetection] Updating exit code: 0x00000000
[2023-10-27 14:23:52.901] [WARNING] [11632] [crashdetection] Not found: ERROR_FILE_HASH
[2023-10-27 14:23:52.901] [DISPLAY] [11632] [crashdetection] No additional error information found.
[2023-10-27 14:23:52.901] [WARNING] [11632] [crashdetection] Not found: ERROR_MESSAGE
[2023-10-27 14:23:52.901] [DISPLAY] [11632] [crashdetection] No additional error message found.
[2023-10-27 14:23:52.901] [DISPLAY] [11632] [crashdetection] Deleting game exit file...
[2023-10-27 14:23:52.901] [DISPLAY] [11632] [crashdetection] Exit code 0x0 indicates a clean game shutdown
[2023-10-27 14:23:52.931] [DISPLAY] [Main ] [cloudsaveop] Cloud Save sync requested for title 'rdr2'
[2023-10-27 14:23:52.948] [DISPLAY] [Main ] [cloudsaveop] Starting cloud save enabled check for title 'rdr2'
[2023-10-27 14:23:52.950] [DISPLAY] [Main ] [cloudsaveop] Received cloud saves enabled state for title 'rdr2' = enabled
[2023-10-27 14:23:52.950] [DISPLAY] [Main ] [cloudsaveop] Identifying potential cloud save conflicts for title 'rdr2'
[2023-10-27 14:23:53.747] [DISPLAY] [Main ] [cloudsaveop] Received modification list of cloud save files for title 'rdr2'
[2023-10-27 14:23:53.747] [DISPLAY] [Main ] [cloudsaveop] Retrieving conflict metadata for title 'rdr2'
[2023-10-27 14:23:53.764] [DISPLAY] [Main ] [cloudsaveop] Downloaded conflict metadata for title 'rdr2'
[2023-10-27 14:23:53.764] [DISPLAY] [Main ] [cloudsaveop] Posting updated files for title 'rdr2'
[2023-10-27 14:23:53.781] [DISPLAY] [Main ] [cloudsaveop] File uploading completed for title 'rdr2'
[2023-10-27 14:23:53.781] [DISPLAY] [Main ] [cloudsaveop] Getting update files for title 'rdr2'
[2023-10-27 14:23:53.798] [DISPLAY] [Main ] [cloudsaveop] File downloading completed for title 'rdr2'
[2023-10-27 14:23:53.798] [DISPLAY] [Main ] [cloudsaveop] Deleting updated files for title 'rdr2'
[2023-10-27 14:23:53.815] [DISPLAY] [Main ] [cloudsaveop] Files deletion completed for title 'rdr2'
[2023-10-27 14:23:53.815] [DISPLAY] [Main ] [cloudsaveop] Swapping updated files in place for title 'rdr2'
[2023-10-27 14:23:53.835] [DISPLAY] [Main ] [cloudsaveop] Finished syncing cloud saves for title 'rdr2'
[2023-10-27 14:23:54.654] [DISPLAY] [11632] [launcher] Shutdown requested! Forced: false
[2023-10-27 14:23:54.673] [DISPLAY] [Main ] [launcher] StartShutdown - Now in progress
[2023-10-27 14:23:55.767] [DISPLAY] [Main ] [app] Application quit requested (exit code: 0)
[2023-10-27 14:23:55.848] [DISPLAY] [Main ] [svc] Stopping the background service.
