[2023-09-24 11:46:32.031] [DISPLAY] [Main ] [sysinfo] OS Version: Major: 10 Minor: 0 Build: 19045 Service Pack: 
[2023-09-24 11:46:32.056] [DISPLAY] [Main ] [sysinfo] OS Version: Major: 10 Minor: 0 Build: 19045 Service Pack: 
[2023-09-24 11:46:32.082] [DISPLAY] [Main ] [main] Working directory: C:\Program Files\Rockstar Games\Launcher
[2023-09-24 11:46:32.107] [DISPLAY] [Main ] [minmode] Running in Steam mode
[2023-09-24 11:46:32.107] [DISPLAY] [Main ] [minmode] Steam App Id: 1174180
[2023-09-24 11:46:32.107] [DISPLAY] [Main ] [minmode] Title Id: rdr2
[2023-09-24 11:46:32.107] [DISPLAY] [Main ] [minmode] Location: C:\Program Files (x86)\Steam\steamapps\common\Red Dead Redemption 2
[2023-09-24 11:46:32.107] [DISPLAY] [Main ] [launcher] Opening log file.
[2023-09-24 11:46:32.124] [DISPLAY] [Main ] [main] Command line: "C:\Program Files\Rockstar Games\Launcher\Launcher.exe" -skipPatcherCheck -steamAppId=1174180 @args.txt -upgrade
[2023-09-24 11:46:32.124] [DISPLAY] [Main ] [main] Build type: FMB
[2023-09-24 11:46:32.124] [DISPLAY] [Main ] [main] Version: 1.0.78.1620
[2023-09-24 11:46:32.124] [DISPLAY] [Main ] [main] Parameters:
[2023-09-24 11:46:32.124] [DISPLAY] [Main ] [main]     C:\Program Files\Rockstar Games\Launcher\Launcher.exe
[2023-09-24 11:46:32.124] [DISPLAY] [Main ] [main]     -skipPatcherCheck
[2023-09-24 11:46:32.124] [DISPLAY] [Main ] [main]     -steamAppId=1174180
[2023-09-24 11:46:32.124] [DISPLAY] [Main ] [main]     @args.txt
[2023-09-24 11:46:32.124] [DISPLAY] [Main ] [main]     -upgrade
[2023-09-24 11:46:32.164] [DISPLAY] [Main ] [titlemanager] Installed titles:
[2023-09-24 11:46:32.164] [DISPLAY] [Main ] [titlemanager]  Title                             Progress               Version              Location                                                    
[2023-09-24 11:46:32.180] [DISPLAY] [Main ] [svc] Service version: 1.0.78.1620 (1.0.78.1620)
[2023-09-24 11:46:32.377] [DISPLAY] [Main ] [fileutils] Version: 2.1.9.8 | 1.0.78.1620 | FFP
[2023-09-24 11:46:32.453] [DISPLAY] [Workr] [selfupdate] Up-to-date.
[2023-09-24 11:46:33.141] [DISPLAY] [Main ] [systemtray] System tray: enabled
[2023-09-24 11:46:33.372] [DISPLAY] [bgsvc] [svc] Received response from service.
[2023-09-24 11:46:33.407] [DISPLAY] [Workr] [idownloader] Starting download of 'https://gamedownloads-rockstargames-com.akamaized.net/public/launcher_online_config.xml'
[2023-09-24 11:46:33.494] [DISPLAY] [Workr] [idownloader] Completed download of 'https://gamedownloads-rockstargames-com.akamaized.net/public/launcher_online_config.xml' (status: 0/200)
[2023-09-24 11:46:33.494] [DISPLAY] [Workr] [titlemanager] Downloading title list...
[2023-09-24 11:46:33.548] [DISPLAY] [Workr] [idownloader] Starting download of 'https://gamedownloads-rockstargames-com.akamaized.net/public/title_metadata.json'
[2023-09-24 11:46:33.584] [DISPLAY] [Workr] [idownloader] Completed download of 'https://gamedownloads-rockstargames-com.akamaized.net/public/title_metadata.json' (status: 0/200)
[2023-09-24 11:46:33.666] [DISPLAY] [Workr] [titlemanager] Downloading default title list (SCS)...
[2023-09-24 11:46:33.666] [DISPLAY] [Workr] [idownloader] Starting download of 'https://rgl-prod.ros.rockstargames.com/launcher/11/LauncherServices/App.asmx/GetDefaultApps?accessToken='
[2023-09-24 11:46:34.589] [DISPLAY] [Workr] [idownloader] Completed download of 'https://rgl-prod.ros.rockstargames.com/launcher/11/LauncherServices/App.asmx/GetDefaultApps?accessToken=' (status: 0/200)
[2023-09-24 11:46:34.589] [DISPLAY] [Workr] [titlemanager] Title list updated.
[2023-09-24 11:46:34.589] [DISPLAY] [Workr] [launcher] Checking for prerequisite updates...
[2023-09-24 11:46:34.754] [DISPLAY] [Workr] [preqmanager] A newer version of Social Club is available to be installed (available: 2.2.0.6, installed: 2.1.9.8)
[2023-09-24 11:46:34.754] [DISPLAY] [Workr] [preqmanager] Flagging Social Club for reinstall.
[2023-09-24 11:46:34.817] [DISPLAY] [Workr] [titleupdater] Installing prerequisites for title launcher
[2023-09-24 11:46:34.824] [DISPLAY] [Workr] [preqmanager] Installer version: 2.2.0.6
[2023-09-24 11:46:34.824] [DISPLAY] [Workr] [preqmanager] About to launch process: C:\Program Files\Rockstar Games\Launcher\Redistributables\SocialClub\Social-Club-Setup.exe (with commandline: /silent)
[2023-09-24 11:46:56.031] [DISPLAY] [Main ] [launcher] Social Club UI has started.
[2023-09-24 11:46:56.035] [DISPLAY] [Main ] [external] Notifying Social Club UI about external launch...
[2023-09-24 11:46:56.035] [DISPLAY] [Admin] [external] Setting up Steam title...
[2023-09-24 11:46:56.035] [DISPLAY] [Admin] [idownloader] Starting download of 'https://gamedownloads-rockstargames-com.akamaized.net/public/title_metadata.json'
[2023-09-24 11:46:56.222] [DISPLAY] [Admin] [idownloader] Completed download of 'https://gamedownloads-rockstargames-com.akamaized.net/public/title_metadata.json' (status: 0/200)
[2023-09-24 11:46:56.282] [DISPLAY] [Admin] [external] Ready to attempt a launch.
[2023-09-24 11:47:01.087] [DISPLAY] [Main ] [launcher] Presence Event - Signed In
[2023-09-24 11:47:01.087] [DISPLAY] [Main ] [launcher] User 'Pedropotee' is now signed in
[2023-09-24 11:47:01.253] [DISPLAY] [Main ] [launcher] Presence Event :: Went Online
[2023-09-24 11:47:01.253] [DISPLAY] [Main ] [external] Preparing to update/launch...
[2023-09-24 11:47:01.253] [DISPLAY] [Admin] [titlemanager] Downloading title list...
[2023-09-24 11:47:01.254] [DISPLAY] [Admin] [idownloader] Starting download of 'https://gamedownloads-rockstargames-com.akamaized.net/public/title_metadata.json'
[2023-09-24 11:47:01.254] [DISPLAY] [Main ] [launcher] Time to start up: 29344 ms
[2023-09-24 11:47:01.263] [DISPLAY] [Main ] [ui_mainwindow] Using DPI 96,96
[2023-09-24 11:47:01.263] [DISPLAY] [Main ] [ui_mainwindow] Using UI Scale: 1.00
[2023-09-24 11:47:01.266] [DISPLAY] [Main ] [ui_mainwindow] Using saved geometry: 0,45 (1280 x 600)
[2023-09-24 11:47:01.315] [DISPLAY] [Main ] [systemtray] System tray: enabled
[2023-09-24 11:47:01.386] [DISPLAY] [Main ] [scuicallbacks] Enabling Downloading
[2023-09-24 11:47:01.440] [DISPLAY] [Admin] [idownloader] Completed download of 'https://gamedownloads-rockstargames-com.akamaized.net/public/title_metadata.json' (status: 0/200)
[2023-09-24 11:47:01.515] [DISPLAY] [Admin] [titlemanager] Downloading title list (SCS)...
[2023-09-24 11:47:01.630] [DISPLAY] [Main ] [launcher] Friend Event - Friends are Available
[2023-09-24 11:47:01.766] [DISPLAY] [Main ] [scuicallbacks] Setting updated
[2023-09-24 11:47:01.766] [DISPLAY] [Main ] [scuicallbacks] Launch requested
[2023-09-24 11:47:01.766] [DISPLAY] [Main ] [scuicallbacks] Launch requested by user: rdr2, 
[2023-09-24 11:47:01.766] [DISPLAY] [Main ] [external] Attempting external title launch...
[2023-09-24 11:47:02.639] [DISPLAY] [Admin] [titlemanager] Title list updated.
[2023-09-24 11:47:02.642] [DISPLAY] [Admin] [external] Ready to attempt a launch.
[2023-09-24 11:47:02.642] [DISPLAY] [Admin] [external] Attempting Steam launch. User is 'Irineu de POTópolis'
[2023-09-24 11:47:03.108] [DISPLAY] [ 1504] [gamelaunch] RGL is up to date (current: 1.0.78.1620, minimum: 1.0.33.319)
[2023-09-24 11:47:03.112] [DISPLAY] [ 1504] [gamelaunch] Red Dead Redemption 2 is up to date (current: 1.0.1491.18, minimum: 1.0.1355.18)
[2023-09-24 11:47:04.970] [DISPLAY] [Admin] [titlemanager] Downloading title list...
[2023-09-24 11:47:04.970] [DISPLAY] [Admin] [idownloader] Starting download of 'https://gamedownloads-rockstargames-com.akamaized.net/public/title_metadata.json'
[2023-09-24 11:47:05.240] [DISPLAY] [Admin] [idownloader] Completed download of 'https://gamedownloads-rockstargames-com.akamaized.net/public/title_metadata.json' (status: 0/200)
[2023-09-24 11:47:05.301] [DISPLAY] [Admin] [titlemanager] Downloading title list (SCS)...
[2023-09-24 11:47:06.303] [DISPLAY] [Admin] [titlemanager] Title list updated.
[2023-09-24 11:47:08.925] [DISPLAY] [Main ] [cloudsaveop] Cloud Save sync requested for title 'rdr2'
[2023-09-24 11:47:08.942] [DISPLAY] [Main ] [cloudsaveop] Starting cloud save enabled check for title 'rdr2'
[2023-09-24 11:47:08.947] [DISPLAY] [Main ] [cloudsaveop] Received cloud saves enabled state for title 'rdr2' = enabled
[2023-09-24 11:47:08.947] [DISPLAY] [Main ] [cloudsaveop] Identifying potential cloud save conflicts for title 'rdr2'
[2023-09-24 11:47:09.894] [DISPLAY] [Main ] [cloudsaveop] Received modification list of cloud save files for title 'rdr2'
[2023-09-24 11:47:09.895] [DISPLAY] [Main ] [cloudsaveop] Retrieving conflict metadata for title 'rdr2'
[2023-09-24 11:47:09.911] [DISPLAY] [Main ] [cloudsaveop] Downloaded conflict metadata for title 'rdr2'
[2023-09-24 11:47:09.911] [DISPLAY] [Main ] [cloudsaveop] Posting updated files for title 'rdr2'
[2023-09-24 11:47:09.928] [DISPLAY] [Main ] [cloudsaveop] File uploading completed for title 'rdr2'
[2023-09-24 11:47:09.929] [DISPLAY] [Main ] [cloudsaveop] Getting update files for title 'rdr2'
[2023-09-24 11:47:09.945] [DISPLAY] [Main ] [cloudsaveop] File downloading completed for title 'rdr2'
[2023-09-24 11:47:09.946] [DISPLAY] [Main ] [cloudsaveop] Deleting updated files for title 'rdr2'
[2023-09-24 11:47:09.963] [DISPLAY] [Main ] [cloudsaveop] Files deletion completed for title 'rdr2'
[2023-09-24 11:47:09.964] [DISPLAY] [Main ] [cloudsaveop] Swapping updated files in place for title 'rdr2'
[2023-09-24 11:47:09.985] [DISPLAY] [Main ] [cloudsaveop] Finished syncing cloud saves for title 'rdr2'
[2023-09-24 11:47:10.082] [DISPLAY] [net1 ] [audio] Valid Audio Device: true
[2023-09-24 11:47:11.247] [DISPLAY] [ 1504] [gamelaunch] Launching game...
[2023-09-24 11:47:11.247] [DISPLAY] [ 1504] [gamelaunch]  Path: C:\Program Files (x86)\Steam\steamapps\common\Red Dead Redemption 2\RDR2.exe
[2023-09-24 11:47:11.247] [DISPLAY] [ 1504] [gamelaunch]  Command Line: "C:\Program Files (x86)\Steam\steamapps\common\Red Dead Redemption 2\RDR2.exe" -skipPatcherCheck @args.txt -upgrade @commandline.txt -enableCrashpad -useSteam -steamAppId=1174180 -scCommerceProvider=4
[2023-09-24 11:47:11.247] [DISPLAY] [ 1504] [gamelaunch]  Working Directory: C:\Program Files (x86)\Steam\steamapps\common\Red Dead Redemption 2
[2023-09-24 11:47:20.460] [DISPLAY] [Main ] [launcher] Shutdown requested! Forced: false
[2023-09-24 11:47:20.461] [ ERROR ] [Main ] [shell] Window enumeration could not find a game window
[2023-09-24 11:47:20.462] [ ERROR ] [Main ] [shell] Window enumeration could not find a game window
[2023-09-24 11:47:20.528] [DISPLAY] [ 1504] [gamelaunch] Aborting game launch due to exit being requested.
[2023-09-24 11:47:20.528] [DISPLAY] [ 1504] [launcher] Shutdown requested! Forced: false
[2023-09-24 11:47:20.530] [DISPLAY] [Main ] [launcher] StartShutdown - Now in progress
[2023-09-24 11:47:20.677] [DISPLAY] [Main ] [sysinfo] OS Version: Major: 10 Minor: 0 Build: 19045 Service Pack: 
[2023-09-24 11:47:20.690] [DISPLAY] [Main ] [sysinfo] Drive C:\ has 51.03 GB free, 476.30 GB total
[2023-09-24 11:47:21.477] [DISPLAY] [Main ] [sysinfo] OS Version: Major: 10 Minor: 0 Build: 19045 Service Pack: 
[2023-09-24 11:47:21.489] [DISPLAY] [Main ] [sysinfo] OS Version: Major: 10 Minor: 0 Build: 19045 Service Pack: 
[2023-09-24 11:47:21.502] [DISPLAY] [Main ] [sysinfo] Drive C:\ has 51.03 GB free, 476.30 GB total
[2023-09-24 11:47:21.540] [DISPLAY] [Main ] [sysinfo] OS Version: Major: 10 Minor: 0 Build: 19045 Service Pack: 
[2023-09-24 11:47:22.804] [DISPLAY] [Main ] [app] Application quit requested (exit code: 0)
[2023-09-24 11:47:22.878] [DISPLAY] [Main ] [svc] Stopping the background service.
