[2023-09-05 17:00:08.596] [DISPLAY] [Main ] [sysinfo] OS Version: Major: 10 Minor: 0 Build: 19045 Service Pack: 
[2023-09-05 17:00:08.655] [DISPLAY] [Main ] [sysinfo] OS Version: Major: 10 Minor: 0 Build: 19045 Service Pack: 
[2023-09-05 17:00:08.678] [DISPLAY] [Main ] [main] Working directory: C:\Program Files\Rockstar Games\Launcher
[2023-09-05 17:00:08.712] [DISPLAY] [Main ] [minmode] Running in Steam mode
[2023-09-05 17:00:08.712] [DISPLAY] [Main ] [minmode] Steam App Id: 1174180
[2023-09-05 17:00:08.712] [DISPLAY] [Main ] [minmode] Title Id: rdr2
[2023-09-05 17:00:08.712] [DISPLAY] [Main ] [minmode] Location: C:\Program Files (x86)\Steam\steamapps\common\Red Dead Redemption 2
[2023-09-05 17:00:08.712] [DISPLAY] [Main ] [launcher] Opening log file.
[2023-09-05 17:00:08.728] [DISPLAY] [Main ] [main] Command line: "C:\Program Files\Rockstar Games\Launcher\Launcher.exe" -skipPatcherCheck -steamAppId=1174180 @args.txt
[2023-09-05 17:00:08.728] [DISPLAY] [Main ] [main] Build type: FMB
[2023-09-05 17:00:08.728] [DISPLAY] [Main ] [main] Version: 1.0.77.1590
[2023-09-05 17:00:08.728] [DISPLAY] [Main ] [main] Parameters:
[2023-09-05 17:00:08.728] [DISPLAY] [Main ] [main]     C:\Program Files\Rockstar Games\Launcher\Launcher.exe
[2023-09-05 17:00:08.728] [DISPLAY] [Main ] [main]     -skipPatcherCheck
[2023-09-05 17:00:08.728] [DISPLAY] [Main ] [main]     -steamAppId=1174180
[2023-09-05 17:00:08.728] [DISPLAY] [Main ] [main]     @args.txt
[2023-09-05 17:00:08.773] [DISPLAY] [Main ] [titlemanager] Installed titles:
[2023-09-05 17:00:08.773] [DISPLAY] [Main ] [titlemanager]  Title                             Progress               Version              Location                                                    
[2023-09-05 17:00:08.933] [DISPLAY] [Main ] [svc] Service version: 1.0.77.1590 (1.0.77.1590)
[2023-09-05 17:00:09.164] [DISPLAY] [Main ] [fileutils] Version: 2.1.9.8 | 1.0.77.1590 | FFP
[2023-09-05 17:00:09.344] [DISPLAY] [Workr] [selfupdate] Up-to-date.
[2023-09-05 17:00:09.739] [DISPLAY] [bgsvc] [svc] Received response from service.
[2023-09-05 17:00:09.993] [DISPLAY] [Main ] [systemtray] System tray: enabled
[2023-09-05 17:00:10.121] [DISPLAY] [Workr] [idownloader] Starting download of 'https://gamedownloads-rockstargames-com.akamaized.net/public/launcher_online_config.xml'
[2023-09-05 17:00:10.251] [DISPLAY] [Workr] [idownloader] Completed download of 'https://gamedownloads-rockstargames-com.akamaized.net/public/launcher_online_config.xml' (status: 0/200)
[2023-09-05 17:00:10.251] [DISPLAY] [Workr] [titlemanager] Downloading title list...
[2023-09-05 17:00:10.280] [DISPLAY] [Workr] [idownloader] Starting download of 'https://gamedownloads-rockstargames-com.akamaized.net/public/title_metadata.json'
[2023-09-05 17:00:10.328] [DISPLAY] [Workr] [idownloader] Completed download of 'https://gamedownloads-rockstargames-com.akamaized.net/public/title_metadata.json' (status: 0/200)
[2023-09-05 17:00:10.400] [DISPLAY] [Workr] [titlemanager] Downloading default title list (SCS)...
[2023-09-05 17:00:10.400] [DISPLAY] [Workr] [idownloader] Starting download of 'https://rgl-prod.ros.rockstargames.com/launcher/11/LauncherServices/App.asmx/GetDefaultApps?accessToken='
[2023-09-05 17:00:11.191] [DISPLAY] [Workr] [idownloader] Completed download of 'https://rgl-prod.ros.rockstargames.com/launcher/11/LauncherServices/App.asmx/GetDefaultApps?accessToken=' (status: 0/200)
[2023-09-05 17:00:11.191] [DISPLAY] [Workr] [titlemanager] Title list updated.
[2023-09-05 17:00:11.191] [DISPLAY] [Workr] [launcher] Checking for self-update...
[2023-09-05 17:00:11.200] [DISPLAY] [Workr] [statuschecker] Title Rockstar Games Launcher: No update
[2023-09-05 17:00:11.226] [DISPLAY] [Workr] [launcher] No self-update, continuing.
[2023-09-05 17:00:11.226] [DISPLAY] [Workr] [launcher] Checking for prerequisite updates...
[2023-09-05 17:00:11.401] [DISPLAY] [Workr] [preqmanager] The Social Club version available matches that currently installed (both: 2.1.9.8)
[2023-09-05 17:00:11.401] [DISPLAY] [Workr] [titleupdater] No prerequisites to install.
[2023-09-05 17:00:13.238] [DISPLAY] [Main ] [launcher] Social Club UI has started.
[2023-09-05 17:00:13.241] [DISPLAY] [Main ] [external] Notifying Social Club UI about external launch...
[2023-09-05 17:00:13.242] [DISPLAY] [Admin] [external] Setting up Steam title...
[2023-09-05 17:00:13.242] [DISPLAY] [Admin] [titlemanager] Skipping title metadata download as it is available and less old (0 minutes) than the refresh delay (60 minutes).
[2023-09-05 17:00:13.242] [DISPLAY] [Admin] [external] Ready to attempt a launch.
[2023-09-05 17:00:16.546] [DISPLAY] [Main ] [launcher] Presence Event - Signed In
[2023-09-05 17:00:16.546] [DISPLAY] [Main ] [launcher] User 'Pedropotee' is now signed in
[2023-09-05 17:00:16.804] [DISPLAY] [Main ] [launcher] Presence Event :: Went Online
[2023-09-05 17:00:16.804] [DISPLAY] [Main ] [external] Preparing to update/launch...
[2023-09-05 17:00:16.804] [DISPLAY] [Admin] [titlemanager] Downloading title list...
[2023-09-05 17:00:16.804] [DISPLAY] [Admin] [titlemanager] Skipping title metadata download as it is available and less old (0 minutes) than the refresh delay (60 minutes).
[2023-09-05 17:00:16.804] [DISPLAY] [Admin] [titlemanager] Downloading title list (SCS)...
[2023-09-05 17:00:16.805] [DISPLAY] [Main ] [launcher] Time to start up: 8355 ms
[2023-09-05 17:00:16.813] [DISPLAY] [Main ] [ui_mainwindow] Using DPI 96,96
[2023-09-05 17:00:16.813] [DISPLAY] [Main ] [ui_mainwindow] Using UI Scale: 1.00
[2023-09-05 17:00:16.816] [DISPLAY] [Main ] [ui_mainwindow] Using saved geometry: 0,45 (1280 x 600)
[2023-09-05 17:00:16.835] [DISPLAY] [Main ] [systemtray] System tray: enabled
[2023-09-05 17:00:16.892] [DISPLAY] [Main ] [scuicallbacks] Enabling Downloading
[2023-09-05 17:00:16.993] [DISPLAY] [Main ] [launcher] Friend Event - Friends are Available
[2023-09-05 17:00:17.323] [DISPLAY] [Main ] [scuicallbacks] Setting updated
[2023-09-05 17:00:17.323] [DISPLAY] [Main ] [scuicallbacks] Launch requested
[2023-09-05 17:00:17.323] [DISPLAY] [Main ] [scuicallbacks] Launch requested by user: rdr2, 
[2023-09-05 17:00:17.323] [DISPLAY] [Main ] [external] Attempting external title launch...
[2023-09-05 17:00:17.791] [DISPLAY] [Admin] [titlemanager] Title list updated.
[2023-09-05 17:00:17.796] [DISPLAY] [Admin] [external] Ready to attempt a launch.
[2023-09-05 17:00:17.796] [DISPLAY] [Admin] [external] Attempting Steam launch. User is 'Quintoberto Neves'
[2023-09-05 17:00:17.885] [DISPLAY] [ 3304] [gamelaunch] RGL is up to date (current: 1.0.77.1590, minimum: 1.0.33.319)
[2023-09-05 17:00:17.889] [DISPLAY] [ 3304] [gamelaunch] Red Dead Redemption 2 is up to date (current: 1.0.1491.18, minimum: 1.0.1355.18)
[2023-09-05 17:00:19.632] [DISPLAY] [Admin] [titlemanager] Downloading title list...
[2023-09-05 17:00:19.632] [DISPLAY] [Admin] [titlemanager] Skipping title metadata download as it is available and less old (0 minutes) than the refresh delay (60 minutes).
[2023-09-05 17:00:19.632] [DISPLAY] [Admin] [titlemanager] Downloading title list (SCS)...
[2023-09-05 17:00:20.721] [DISPLAY] [Admin] [titlemanager] Title list updated.
[2023-09-05 17:00:23.654] [DISPLAY] [Main ] [cloudsaveop] Cloud Save sync requested for title 'rdr2'
[2023-09-05 17:00:23.671] [DISPLAY] [Main ] [cloudsaveop] Starting cloud save enabled check for title 'rdr2'
[2023-09-05 17:00:23.674] [DISPLAY] [Main ] [cloudsaveop] Received cloud saves enabled state for title 'rdr2' = enabled
[2023-09-05 17:00:23.674] [DISPLAY] [Main ] [cloudsaveop] Identifying potential cloud save conflicts for title 'rdr2'
[2023-09-05 17:00:24.540] [DISPLAY] [Main ] [cloudsaveop] Received modification list of cloud save files for title 'rdr2'
[2023-09-05 17:00:24.540] [DISPLAY] [Main ] [cloudsaveop] Retrieving conflict metadata for title 'rdr2'
[2023-09-05 17:00:24.557] [DISPLAY] [Main ] [cloudsaveop] Downloaded conflict metadata for title 'rdr2'
[2023-09-05 17:00:24.557] [DISPLAY] [Main ] [cloudsaveop] Posting updated files for title 'rdr2'
[2023-09-05 17:00:24.574] [DISPLAY] [Main ] [cloudsaveop] File uploading completed for title 'rdr2'
[2023-09-05 17:00:24.574] [DISPLAY] [Main ] [cloudsaveop] Getting update files for title 'rdr2'
[2023-09-05 17:00:24.591] [DISPLAY] [Main ] [cloudsaveop] File downloading completed for title 'rdr2'
[2023-09-05 17:00:24.591] [DISPLAY] [Main ] [cloudsaveop] Deleting updated files for title 'rdr2'
[2023-09-05 17:00:24.608] [DISPLAY] [Main ] [cloudsaveop] Files deletion completed for title 'rdr2'
[2023-09-05 17:00:24.608] [DISPLAY] [Main ] [cloudsaveop] Swapping updated files in place for title 'rdr2'
[2023-09-05 17:00:24.627] [DISPLAY] [Main ] [cloudsaveop] Finished syncing cloud saves for title 'rdr2'
[2023-09-05 17:00:24.690] [DISPLAY] [net4 ] [audio] Valid Audio Device: true
[2023-09-05 17:00:25.776] [DISPLAY] [ 3304] [gamelaunch] Launching game...
[2023-09-05 17:00:25.776] [DISPLAY] [ 3304] [gamelaunch]  Path: C:\Program Files (x86)\Steam\steamapps\common\Red Dead Redemption 2\RDR2.exe
[2023-09-05 17:00:25.776] [DISPLAY] [ 3304] [gamelaunch]  Command Line: "C:\Program Files (x86)\Steam\steamapps\common\Red Dead Redemption 2\RDR2.exe" -skipPatcherCheck @args.txt @commandline.txt -enableCrashpad -useSteam -steamAppId=1174180 -scCommerceProvider=4
[2023-09-05 17:00:25.776] [DISPLAY] [ 3304] [gamelaunch]  Working Directory: C:\Program Files (x86)\Steam\steamapps\common\Red Dead Redemption 2
[2023-09-05 17:47:23.572] [DISPLAY] [ 3304] [gamelaunch] Game exited with code 0x0 (0)
[2023-09-05 17:47:23.573] [DISPLAY] [ 3304] [crashdetection] Reading game exit file...
[2023-09-05 17:47:23.573] [DISPLAY] [ 3304] [crashdetection] Updating exit code: 0x00000000
[2023-09-05 17:47:23.573] [WARNING] [ 3304] [crashdetection] Not found: ERROR_FILE_HASH
[2023-09-05 17:47:23.573] [DISPLAY] [ 3304] [crashdetection] No additional error information found.
[2023-09-05 17:47:23.573] [WARNING] [ 3304] [crashdetection] Not found: ERROR_MESSAGE
[2023-09-05 17:47:23.573] [DISPLAY] [ 3304] [crashdetection] No additional error message found.
[2023-09-05 17:47:23.573] [DISPLAY] [ 3304] [crashdetection] Deleting game exit file...
[2023-09-05 17:47:23.574] [DISPLAY] [ 3304] [crashdetection] Exit code 0x0 indicates a clean game shutdown
[2023-09-05 17:47:23.608] [DISPLAY] [Main ] [cloudsaveop] Cloud Save sync requested for title 'rdr2'
[2023-09-05 17:47:23.625] [DISPLAY] [Main ] [cloudsaveop] Starting cloud save enabled check for title 'rdr2'
[2023-09-05 17:47:23.628] [DISPLAY] [Main ] [cloudsaveop] Received cloud saves enabled state for title 'rdr2' = enabled
[2023-09-05 17:47:23.628] [DISPLAY] [Main ] [cloudsaveop] Identifying potential cloud save conflicts for title 'rdr2'
[2023-09-05 17:47:24.479] [DISPLAY] [Main ] [cloudsaveop] Received modification list of cloud save files for title 'rdr2'
[2023-09-05 17:47:24.479] [DISPLAY] [Main ] [cloudsaveop] Retrieving conflict metadata for title 'rdr2'
[2023-09-05 17:47:24.495] [DISPLAY] [Main ] [cloudsaveop] Downloaded conflict metadata for title 'rdr2'
[2023-09-05 17:47:24.495] [DISPLAY] [Main ] [cloudsaveop] Posting updated files for title 'rdr2'
[2023-09-05 17:47:30.470] [DISPLAY] [Main ] [cloudsaveop] File uploading completed for title 'rdr2'
[2023-09-05 17:47:30.470] [DISPLAY] [Main ] [cloudsaveop] Getting update files for title 'rdr2'
[2023-09-05 17:47:30.487] [DISPLAY] [Main ] [cloudsaveop] File downloading completed for title 'rdr2'
[2023-09-05 17:47:30.487] [DISPLAY] [Main ] [cloudsaveop] Deleting updated files for title 'rdr2'
[2023-09-05 17:47:30.505] [DISPLAY] [Main ] [cloudsaveop] Files deletion completed for title 'rdr2'
[2023-09-05 17:47:30.505] [DISPLAY] [Main ] [cloudsaveop] Swapping updated files in place for title 'rdr2'
[2023-09-05 17:47:30.526] [DISPLAY] [Main ] [cloudsaveop] Finished syncing cloud saves for title 'rdr2'
[2023-09-05 17:47:31.375] [DISPLAY] [ 3304] [launcher] Shutdown requested! Forced: false
[2023-09-05 17:47:31.396] [DISPLAY] [Main ] [launcher] StartShutdown - Now in progress
[2023-09-05 17:47:32.502] [DISPLAY] [Main ] [app] Application quit requested (exit code: 0)
[2023-09-05 17:47:32.598] [DISPLAY] [Main ] [svc] Stopping the background service.
