[2023-09-05 10:39:12.208] [DISPLAY] [Main ] [sysinfo] OS Version: Major: 10 Minor: 0 Build: 19045 Service Pack: 
[2023-09-05 10:39:12.231] [DISPLAY] [Main ] [sysinfo] OS Version: Major: 10 Minor: 0 Build: 19045 Service Pack: 
[2023-09-05 10:39:12.253] [DISPLAY] [Main ] [main] Working directory: C:\Program Files\Rockstar Games\Launcher
[2023-09-05 10:39:12.284] [DISPLAY] [Main ] [minmode] Running in Steam mode
[2023-09-05 10:39:12.284] [DISPLAY] [Main ] [minmode] Steam App Id: 1174180
[2023-09-05 10:39:12.284] [DISPLAY] [Main ] [minmode] Title Id: rdr2
[2023-09-05 10:39:12.284] [DISPLAY] [Main ] [minmode] Location: C:\Program Files (x86)\Steam\steamapps\common\Red Dead Redemption 2
[2023-09-05 10:39:12.285] [DISPLAY] [Main ] [launcher] Opening log file.
[2023-09-05 10:39:12.303] [DISPLAY] [Main ] [main] Command line: "C:\Program Files\Rockstar Games\Launcher\Launcher.exe" -skipPatcherCheck -steamAppId=1174180 @args.txt
[2023-09-05 10:39:12.303] [DISPLAY] [Main ] [main] Build type: FMB
[2023-09-05 10:39:12.303] [DISPLAY] [Main ] [main] Version: 1.0.77.1590
[2023-09-05 10:39:12.303] [DISPLAY] [Main ] [main] Parameters:
[2023-09-05 10:39:12.303] [DISPLAY] [Main ] [main]     C:\Program Files\Rockstar Games\Launcher\Launcher.exe
[2023-09-05 10:39:12.303] [DISPLAY] [Main ] [main]     -skipPatcherCheck
[2023-09-05 10:39:12.303] [DISPLAY] [Main ] [main]     -steamAppId=1174180
[2023-09-05 10:39:12.303] [DISPLAY] [Main ] [main]     @args.txt
[2023-09-05 10:39:12.352] [DISPLAY] [Main ] [titlemanager] Installed titles:
[2023-09-05 10:39:12.352] [DISPLAY] [Main ] [titlemanager]  Title                             Progress               Version              Location                                                    
[2023-09-05 10:39:12.374] [DISPLAY] [Main ] [svc] Service version: 1.0.77.1590 (1.0.77.1590)
[2023-09-05 10:39:12.553] [DISPLAY] [Main ] [fileutils] Version: 2.1.9.8 | 1.0.77.1590 | FFP
[2023-09-05 10:39:12.624] [DISPLAY] [Workr] [selfupdate] Up-to-date.
[2023-09-05 10:39:12.995] [DISPLAY] [bgsvc] [svc] Received response from service.
[2023-09-05 10:39:13.192] [DISPLAY] [Main ] [systemtray] System tray: enabled
[2023-09-05 10:39:13.249] [DISPLAY] [Workr] [idownloader] Starting download of 'https://gamedownloads-rockstargames-com.akamaized.net/public/launcher_online_config.xml'
[2023-09-05 10:39:13.343] [DISPLAY] [Workr] [idownloader] Completed download of 'https://gamedownloads-rockstargames-com.akamaized.net/public/launcher_online_config.xml' (status: 0/200)
[2023-09-05 10:39:13.343] [DISPLAY] [Workr] [titlemanager] Downloading title list...
[2023-09-05 10:39:13.368] [DISPLAY] [Workr] [idownloader] Starting download of 'https://gamedownloads-rockstargames-com.akamaized.net/public/title_metadata.json'
[2023-09-05 10:39:13.414] [DISPLAY] [Workr] [idownloader] Completed download of 'https://gamedownloads-rockstargames-com.akamaized.net/public/title_metadata.json' (status: 0/200)
[2023-09-05 10:39:13.492] [DISPLAY] [Workr] [titlemanager] Downloading default title list (SCS)...
[2023-09-05 10:39:13.492] [DISPLAY] [Workr] [idownloader] Starting download of 'https://rgl-prod.ros.rockstargames.com/launcher/11/LauncherServices/App.asmx/GetDefaultApps?accessToken='
[2023-09-05 10:39:14.267] [DISPLAY] [Workr] [idownloader] Completed download of 'https://rgl-prod.ros.rockstargames.com/launcher/11/LauncherServices/App.asmx/GetDefaultApps?accessToken=' (status: 0/200)
[2023-09-05 10:39:14.267] [DISPLAY] [Workr] [titlemanager] Title list updated.
[2023-09-05 10:39:14.267] [DISPLAY] [Workr] [launcher] Checking for self-update...
[2023-09-05 10:39:14.276] [DISPLAY] [Workr] [statuschecker] Title Rockstar Games Launcher: No update
[2023-09-05 10:39:14.295] [DISPLAY] [Workr] [launcher] No self-update, continuing.
[2023-09-05 10:39:14.295] [DISPLAY] [Workr] [launcher] Checking for prerequisite updates...
[2023-09-05 10:39:14.307] [DISPLAY] [Workr] [preqmanager] The Social Club version available matches that currently installed (both: 2.1.9.8)
[2023-09-05 10:39:14.307] [DISPLAY] [Workr] [titleupdater] No prerequisites to install.
[2023-09-05 10:39:17.085] [DISPLAY] [Main ] [launcher] Social Club UI has started.
[2023-09-05 10:39:17.088] [DISPLAY] [Main ] [external] Notifying Social Club UI about external launch...
[2023-09-05 10:39:17.088] [DISPLAY] [Admin] [external] Setting up Steam title...
[2023-09-05 10:39:17.088] [DISPLAY] [Admin] [titlemanager] Skipping title metadata download as it is available and less old (0 minutes) than the refresh delay (60 minutes).
[2023-09-05 10:39:17.088] [DISPLAY] [Admin] [external] Ready to attempt a launch.
[2023-09-05 10:39:21.354] [DISPLAY] [Main ] [launcher] Presence Event - Signed In
[2023-09-05 10:39:21.354] [DISPLAY] [Main ] [launcher] User 'Pedropotee' is now signed in
[2023-09-05 10:39:21.440] [DISPLAY] [Main ] [launcher] Presence Event :: Went Online
[2023-09-05 10:39:21.440] [DISPLAY] [Main ] [external] Preparing to update/launch...
[2023-09-05 10:39:21.440] [DISPLAY] [Admin] [titlemanager] Downloading title list...
[2023-09-05 10:39:21.440] [DISPLAY] [Admin] [titlemanager] Skipping title metadata download as it is available and less old (0 minutes) than the refresh delay (60 minutes).
[2023-09-05 10:39:21.440] [DISPLAY] [Admin] [titlemanager] Downloading title list (SCS)...
[2023-09-05 10:39:21.441] [DISPLAY] [Main ] [launcher] Time to start up: 9394 ms
[2023-09-05 10:39:21.448] [DISPLAY] [Main ] [ui_mainwindow] Using DPI 96,96
[2023-09-05 10:39:21.448] [DISPLAY] [Main ] [ui_mainwindow] Using UI Scale: 1.00
[2023-09-05 10:39:21.452] [DISPLAY] [Main ] [ui_mainwindow] Using saved geometry: 0,45 (1280 x 600)
[2023-09-05 10:39:21.471] [DISPLAY] [Main ] [systemtray] System tray: enabled
[2023-09-05 10:39:21.499] [DISPLAY] [Main ] [scuicallbacks] Enabling Downloading
[2023-09-05 10:39:21.602] [DISPLAY] [Main ] [launcher] Friend Event - Friends are Available
[2023-09-05 10:39:21.962] [DISPLAY] [Main ] [scuicallbacks] Setting updated
[2023-09-05 10:39:21.962] [DISPLAY] [Main ] [scuicallbacks] Launch requested
[2023-09-05 10:39:21.962] [DISPLAY] [Main ] [scuicallbacks] Launch requested by user: rdr2, 
[2023-09-05 10:39:21.962] [DISPLAY] [Main ] [external] Attempting external title launch...
[2023-09-05 10:39:22.460] [DISPLAY] [Admin] [titlemanager] Title list updated.
[2023-09-05 10:39:22.463] [DISPLAY] [Admin] [external] Ready to attempt a launch.
[2023-09-05 10:39:22.463] [DISPLAY] [Admin] [external] Attempting Steam launch. User is 'Quintoberto Neves'
[2023-09-05 10:39:22.624] [DISPLAY] [21784] [gamelaunch] RGL is up to date (current: 1.0.77.1590, minimum: 1.0.33.319)
[2023-09-05 10:39:22.629] [DISPLAY] [21784] [gamelaunch] Red Dead Redemption 2 is up to date (current: 1.0.1491.18, minimum: 1.0.1355.18)
[2023-09-05 10:39:24.375] [DISPLAY] [Admin] [titlemanager] Downloading title list...
[2023-09-05 10:39:24.375] [DISPLAY] [Admin] [titlemanager] Skipping title metadata download as it is available and less old (0 minutes) than the refresh delay (60 minutes).
[2023-09-05 10:39:24.375] [DISPLAY] [Admin] [titlemanager] Downloading title list (SCS)...
[2023-09-05 10:39:25.292] [DISPLAY] [Admin] [titlemanager] Title list updated.
[2023-09-05 10:39:27.623] [DISPLAY] [Main ] [cloudsaveop] Cloud Save sync requested for title 'rdr2'
[2023-09-05 10:39:27.640] [DISPLAY] [Main ] [cloudsaveop] Starting cloud save enabled check for title 'rdr2'
[2023-09-05 10:39:27.643] [DISPLAY] [Main ] [cloudsaveop] Received cloud saves enabled state for title 'rdr2' = enabled
[2023-09-05 10:39:27.643] [DISPLAY] [Main ] [cloudsaveop] Identifying potential cloud save conflicts for title 'rdr2'
[2023-09-05 10:39:28.486] [DISPLAY] [Main ] [cloudsaveop] Received modification list of cloud save files for title 'rdr2'
[2023-09-05 10:39:28.486] [DISPLAY] [Main ] [cloudsaveop] Retrieving conflict metadata for title 'rdr2'
[2023-09-05 10:39:28.502] [DISPLAY] [Main ] [cloudsaveop] Downloaded conflict metadata for title 'rdr2'
[2023-09-05 10:39:28.502] [DISPLAY] [Main ] [cloudsaveop] Posting updated files for title 'rdr2'
[2023-09-05 10:39:28.519] [DISPLAY] [Main ] [cloudsaveop] File uploading completed for title 'rdr2'
[2023-09-05 10:39:28.519] [DISPLAY] [Main ] [cloudsaveop] Getting update files for title 'rdr2'
[2023-09-05 10:39:28.536] [DISPLAY] [Main ] [cloudsaveop] File downloading completed for title 'rdr2'
[2023-09-05 10:39:28.536] [DISPLAY] [Main ] [cloudsaveop] Deleting updated files for title 'rdr2'
[2023-09-05 10:39:28.553] [DISPLAY] [Main ] [cloudsaveop] Files deletion completed for title 'rdr2'
[2023-09-05 10:39:28.553] [DISPLAY] [Main ] [cloudsaveop] Swapping updated files in place for title 'rdr2'
[2023-09-05 10:39:28.572] [DISPLAY] [Main ] [cloudsaveop] Finished syncing cloud saves for title 'rdr2'
[2023-09-05 10:39:28.630] [DISPLAY] [net4 ] [audio] Valid Audio Device: true
[2023-09-05 10:39:29.700] [DISPLAY] [21784] [gamelaunch] Launching game...
[2023-09-05 10:39:29.700] [DISPLAY] [21784] [gamelaunch]  Path: C:\Program Files (x86)\Steam\steamapps\common\Red Dead Redemption 2\RDR2.exe
[2023-09-05 10:39:29.700] [DISPLAY] [21784] [gamelaunch]  Command Line: "C:\Program Files (x86)\Steam\steamapps\common\Red Dead Redemption 2\RDR2.exe" -skipPatcherCheck @args.txt @commandline.txt -enableCrashpad -useSteam -steamAppId=1174180 -scCommerceProvider=4
[2023-09-05 10:39:29.700] [DISPLAY] [21784] [gamelaunch]  Working Directory: C:\Program Files (x86)\Steam\steamapps\common\Red Dead Redemption 2
[2023-09-05 11:39:13.420] [DISPLAY] [Admin] [idownloader] Starting download of 'https://gamedownloads-rockstargames-com.akamaized.net/public/launcher_online_config.xml'
[2023-09-05 11:39:13.879] [DISPLAY] [Admin] [idownloader] Completed download of 'https://gamedownloads-rockstargames-com.akamaized.net/public/launcher_online_config.xml' (status: 0/200)
[2023-09-05 12:39:13.931] [DISPLAY] [Admin] [idownloader] Starting download of 'https://gamedownloads-rockstargames-com.akamaized.net/public/launcher_online_config.xml'
[2023-09-05 12:39:14.389] [DISPLAY] [Admin] [idownloader] Completed download of 'https://gamedownloads-rockstargames-com.akamaized.net/public/launcher_online_config.xml' (status: 0/200)
[2023-09-05 13:27:23.847] [DISPLAY] [21784] [gamelaunch] Game exited with code 0x0 (0)
[2023-09-05 13:27:23.848] [DISPLAY] [21784] [crashdetection] Reading game exit file...
[2023-09-05 13:27:23.849] [DISPLAY] [21784] [crashdetection] Updating exit code: 0x00000000
[2023-09-05 13:27:23.849] [WARNING] [21784] [crashdetection] Not found: ERROR_FILE_HASH
[2023-09-05 13:27:23.849] [DISPLAY] [21784] [crashdetection] No additional error information found.
[2023-09-05 13:27:23.849] [WARNING] [21784] [crashdetection] Not found: ERROR_MESSAGE
[2023-09-05 13:27:23.849] [DISPLAY] [21784] [crashdetection] No additional error message found.
[2023-09-05 13:27:23.849] [DISPLAY] [21784] [crashdetection] Deleting game exit file...
[2023-09-05 13:27:23.849] [DISPLAY] [21784] [crashdetection] Exit code 0x0 indicates a clean game shutdown
[2023-09-05 13:27:23.887] [DISPLAY] [Main ] [cloudsaveop] Cloud Save sync requested for title 'rdr2'
[2023-09-05 13:27:23.903] [DISPLAY] [Main ] [cloudsaveop] Starting cloud save enabled check for title 'rdr2'
[2023-09-05 13:27:23.906] [DISPLAY] [Main ] [cloudsaveop] Received cloud saves enabled state for title 'rdr2' = enabled
[2023-09-05 13:27:23.906] [DISPLAY] [Main ] [cloudsaveop] Title access token was missing or expired, refreshing access for title 'rdr2'
[2023-09-05 13:27:23.906] [DISPLAY] [Main ] [cloudsaveop] Retrieving access token for title 'rdr2' (13)
[2023-09-05 13:27:24.743] [DISPLAY] [Main ] [cloudsaveop] Identifying potential cloud save conflicts for title 'rdr2'
[2023-09-05 13:27:25.639] [DISPLAY] [Main ] [cloudsaveop] Received modification list of cloud save files for title 'rdr2'
[2023-09-05 13:27:25.639] [DISPLAY] [Main ] [cloudsaveop] Retrieving conflict metadata for title 'rdr2'
[2023-09-05 13:27:25.655] [DISPLAY] [Main ] [cloudsaveop] Downloaded conflict metadata for title 'rdr2'
[2023-09-05 13:27:25.656] [DISPLAY] [Main ] [cloudsaveop] Posting updated files for title 'rdr2'
[2023-09-05 13:27:32.033] [DISPLAY] [Main ] [cloudsaveop] File uploading completed for title 'rdr2'
[2023-09-05 13:27:32.033] [DISPLAY] [Main ] [cloudsaveop] Getting update files for title 'rdr2'
[2023-09-05 13:27:32.049] [DISPLAY] [Main ] [cloudsaveop] File downloading completed for title 'rdr2'
[2023-09-05 13:27:32.050] [DISPLAY] [Main ] [cloudsaveop] Deleting updated files for title 'rdr2'
[2023-09-05 13:27:32.067] [DISPLAY] [Main ] [cloudsaveop] Files deletion completed for title 'rdr2'
[2023-09-05 13:27:32.067] [DISPLAY] [Main ] [cloudsaveop] Swapping updated files in place for title 'rdr2'
[2023-09-05 13:27:32.088] [DISPLAY] [Main ] [cloudsaveop] Finished syncing cloud saves for title 'rdr2'
[2023-09-05 13:27:32.905] [DISPLAY] [21784] [launcher] Shutdown requested! Forced: false
[2023-09-05 13:27:32.926] [DISPLAY] [Main ] [launcher] StartShutdown - Now in progress
[2023-09-05 13:27:34.240] [DISPLAY] [Main ] [app] Application quit requested (exit code: 0)
[2023-09-05 13:27:34.344] [DISPLAY] [Main ] [svc] Stopping the background service.
