[2023-10-01 18:26:28.839] [DISPLAY] [Main ] [sysinfo] OS Version: Major: 10 Minor: 0 Build: 19045 Service Pack: 
[2023-10-01 18:26:28.866] [DISPLAY] [Main ] [sysinfo] OS Version: Major: 10 Minor: 0 Build: 19045 Service Pack: 
[2023-10-01 18:26:28.893] [DISPLAY] [Main ] [main] Working directory: C:\Program Files\Rockstar Games\Launcher
[2023-10-01 18:26:28.926] [DISPLAY] [Main ] [minmode] Running in Steam mode
[2023-10-01 18:26:28.926] [DISPLAY] [Main ] [minmode] Steam App Id: 1174180
[2023-10-01 18:26:28.926] [DISPLAY] [Main ] [minmode] Title Id: rdr2
[2023-10-01 18:26:28.926] [DISPLAY] [Main ] [minmode] Location: C:\Program Files (x86)\Steam\steamapps\common\Red Dead Redemption 2
[2023-10-01 18:26:28.926] [DISPLAY] [Main ] [launcher] Opening log file.
[2023-10-01 18:26:28.983] [DISPLAY] [Main ] [main] Command line: "C:\Program Files\Rockstar Games\Launcher\Launcher.exe" -skipPatcherCheck -steamAppId=1174180 @args.txt
[2023-10-01 18:26:28.983] [DISPLAY] [Main ] [main] Build type: FMB
[2023-10-01 18:26:28.983] [DISPLAY] [Main ] [main] Version: 1.0.78.1620
[2023-10-01 18:26:28.983] [DISPLAY] [Main ] [main] Parameters:
[2023-10-01 18:26:28.983] [DISPLAY] [Main ] [main]     C:\Program Files\Rockstar Games\Launcher\Launcher.exe
[2023-10-01 18:26:28.983] [DISPLAY] [Main ] [main]     -skipPatcherCheck
[2023-10-01 18:26:28.983] [DISPLAY] [Main ] [main]     -steamAppId=1174180
[2023-10-01 18:26:28.983] [DISPLAY] [Main ] [main]     @args.txt
[2023-10-01 18:26:29.087] [DISPLAY] [Main ] [titlemanager] Installed titles:
[2023-10-01 18:26:29.087] [DISPLAY] [Main ] [titlemanager]  Title                             Progress               Version              Location                                                    
[2023-10-01 18:26:29.117] [DISPLAY] [Main ] [svc] Service version: 1.0.78.1620 (1.0.78.1620)
[2023-10-01 18:26:29.563] [DISPLAY] [Main ] [fileutils] Version: 2.2.0.6 | 1.0.78.1620 | FFP
[2023-10-01 18:26:29.929] [DISPLAY] [Workr] [selfupdate] Up-to-date.
[2023-10-01 18:26:30.304] [DISPLAY] [bgsvc] [svc] Received response from service.
[2023-10-01 18:26:30.769] [DISPLAY] [Main ] [systemtray] System tray: enabled
[2023-10-01 18:26:30.826] [DISPLAY] [Workr] [idownloader] Starting download of 'https://gamedownloads-rockstargames-com.akamaized.net/public/launcher_online_config.xml'
[2023-10-01 18:26:31.102] [DISPLAY] [Workr] [idownloader] Completed download of 'https://gamedownloads-rockstargames-com.akamaized.net/public/launcher_online_config.xml' (status: 0/200)
[2023-10-01 18:26:31.102] [DISPLAY] [Workr] [titlemanager] Downloading title list...
[2023-10-01 18:26:31.170] [DISPLAY] [Workr] [idownloader] Starting download of 'https://gamedownloads-rockstargames-com.akamaized.net/public/title_metadata.json'
[2023-10-01 18:26:31.210] [DISPLAY] [Workr] [idownloader] Completed download of 'https://gamedownloads-rockstargames-com.akamaized.net/public/title_metadata.json' (status: 0/200)
[2023-10-01 18:26:31.287] [DISPLAY] [Workr] [titlemanager] Downloading default title list (SCS)...
[2023-10-01 18:26:31.288] [DISPLAY] [Workr] [idownloader] Starting download of 'https://rgl-prod.ros.rockstargames.com/launcher/11/LauncherServices/App.asmx/GetDefaultApps?accessToken='
[2023-10-01 18:26:32.197] [DISPLAY] [Workr] [idownloader] Completed download of 'https://rgl-prod.ros.rockstargames.com/launcher/11/LauncherServices/App.asmx/GetDefaultApps?accessToken=' (status: 0/200)
[2023-10-01 18:26:32.198] [DISPLAY] [Workr] [titlemanager] Title list updated.
[2023-10-01 18:26:32.198] [DISPLAY] [Workr] [launcher] Checking for self-update...
[2023-10-01 18:26:32.212] [DISPLAY] [Workr] [statuschecker] Title Rockstar Games Launcher: No update
[2023-10-01 18:26:32.262] [DISPLAY] [Workr] [launcher] No self-update, continuing.
[2023-10-01 18:26:32.262] [DISPLAY] [Workr] [launcher] Checking for prerequisite updates...
[2023-10-01 18:26:32.468] [DISPLAY] [Workr] [preqmanager] The Social Club version available matches that currently installed (both: 2.2.0.6)
[2023-10-01 18:26:32.468] [DISPLAY] [Workr] [titleupdater] No prerequisites to install.
[2023-10-01 18:26:36.434] [DISPLAY] [Main ] [launcher] Social Club UI has started.
[2023-10-01 18:26:36.440] [DISPLAY] [Main ] [external] Notifying Social Club UI about external launch...
[2023-10-01 18:26:36.440] [DISPLAY] [Admin] [external] Setting up Steam title...
[2023-10-01 18:26:36.440] [DISPLAY] [Admin] [titlemanager] Skipping title metadata download as it is available and less old (0 minutes) than the refresh delay (60 minutes).
[2023-10-01 18:26:36.440] [DISPLAY] [Admin] [external] Ready to attempt a launch.
[2023-10-01 18:26:41.828] [DISPLAY] [Main ] [launcher] Presence Event - Signed In
[2023-10-01 18:26:41.828] [DISPLAY] [Main ] [launcher] User 'Pedropotee' is now signed in
[2023-10-01 18:26:41.975] [DISPLAY] [Main ] [launcher] Presence Event :: Went Online
[2023-10-01 18:26:41.975] [DISPLAY] [Main ] [external] Preparing to update/launch...
[2023-10-01 18:26:41.975] [DISPLAY] [Admin] [titlemanager] Downloading title list...
[2023-10-01 18:26:41.975] [DISPLAY] [Admin] [titlemanager] Skipping title metadata download as it is available and less old (0 minutes) than the refresh delay (60 minutes).
[2023-10-01 18:26:41.975] [DISPLAY] [Admin] [titlemanager] Downloading title list (SCS)...
[2023-10-01 18:26:41.975] [DISPLAY] [Main ] [launcher] Time to start up: 13410 ms
[2023-10-01 18:26:41.984] [DISPLAY] [Main ] [ui_mainwindow] Using DPI 96,96
[2023-10-01 18:26:41.984] [DISPLAY] [Main ] [ui_mainwindow] Using UI Scale: 1.00
[2023-10-01 18:26:41.987] [DISPLAY] [Main ] [ui_mainwindow] Using saved geometry: 0,45 (1280 x 600)
[2023-10-01 18:26:42.021] [DISPLAY] [Main ] [systemtray] System tray: enabled
[2023-10-01 18:26:42.088] [DISPLAY] [Main ] [scuicallbacks] Enabling Downloading
[2023-10-01 18:26:42.273] [DISPLAY] [Main ] [launcher] Friend Event - Friends are Available
[2023-10-01 18:26:42.499] [DISPLAY] [Main ] [scuicallbacks] Setting updated
[2023-10-01 18:26:42.499] [DISPLAY] [Main ] [scuicallbacks] Launch requested
[2023-10-01 18:26:42.499] [DISPLAY] [Main ] [scuicallbacks] Launch requested by user: rdr2, 
[2023-10-01 18:26:42.499] [DISPLAY] [Main ] [external] Attempting external title launch...
[2023-10-01 18:26:43.223] [DISPLAY] [Admin] [titlemanager] Title list updated.
[2023-10-01 18:26:43.227] [DISPLAY] [Admin] [external] Ready to attempt a launch.
[2023-10-01 18:26:43.227] [DISPLAY] [Admin] [external] Attempting Steam launch. User is 'Irineu de POTópolis'
[2023-10-01 18:26:43.484] [DISPLAY] [12572] [gamelaunch] RGL is up to date (current: 1.0.78.1620, minimum: 1.0.33.319)
[2023-10-01 18:26:43.488] [DISPLAY] [12572] [gamelaunch] Red Dead Redemption 2 is up to date (current: 1.0.1491.18, minimum: 1.0.1355.18)
[2023-10-01 18:26:45.259] [DISPLAY] [Admin] [titlemanager] Downloading title list...
[2023-10-01 18:26:45.259] [DISPLAY] [Admin] [titlemanager] Skipping title metadata download as it is available and less old (0 minutes) than the refresh delay (60 minutes).
[2023-10-01 18:26:45.259] [DISPLAY] [Admin] [titlemanager] Downloading title list (SCS)...
[2023-10-01 18:26:46.235] [DISPLAY] [Admin] [titlemanager] Title list updated.
[2023-10-01 18:26:49.175] [DISPLAY] [Main ] [cloudsaveop] Cloud Save sync requested for title 'rdr2'
[2023-10-01 18:26:49.193] [DISPLAY] [Main ] [cloudsaveop] Starting cloud save enabled check for title 'rdr2'
[2023-10-01 18:26:49.265] [DISPLAY] [Main ] [cloudsaveop] Received cloud saves enabled state for title 'rdr2' = enabled
[2023-10-01 18:26:49.265] [DISPLAY] [Main ] [cloudsaveop] Identifying potential cloud save conflicts for title 'rdr2'
[2023-10-01 18:26:50.150] [DISPLAY] [Main ] [cloudsaveop] Received modification list of cloud save files for title 'rdr2'
[2023-10-01 18:26:50.150] [DISPLAY] [Main ] [cloudsaveop] Retrieving conflict metadata for title 'rdr2'
[2023-10-01 18:26:50.168] [DISPLAY] [Main ] [cloudsaveop] Downloaded conflict metadata for title 'rdr2'
[2023-10-01 18:26:50.168] [DISPLAY] [Main ] [cloudsaveop] Posting updated files for title 'rdr2'
[2023-10-01 18:26:50.184] [DISPLAY] [Main ] [cloudsaveop] File uploading completed for title 'rdr2'
[2023-10-01 18:26:50.185] [DISPLAY] [Main ] [cloudsaveop] Getting update files for title 'rdr2'
[2023-10-01 18:26:50.202] [DISPLAY] [Main ] [cloudsaveop] File downloading completed for title 'rdr2'
[2023-10-01 18:26:50.202] [DISPLAY] [Main ] [cloudsaveop] Deleting updated files for title 'rdr2'
[2023-10-01 18:26:50.219] [DISPLAY] [Main ] [cloudsaveop] Files deletion completed for title 'rdr2'
[2023-10-01 18:26:50.219] [DISPLAY] [Main ] [cloudsaveop] Swapping updated files in place for title 'rdr2'
[2023-10-01 18:26:50.239] [DISPLAY] [Main ] [cloudsaveop] Finished syncing cloud saves for title 'rdr2'
[2023-10-01 18:26:50.316] [DISPLAY] [net4 ] [audio] Valid Audio Device: true
[2023-10-01 18:26:51.542] [DISPLAY] [12572] [gamelaunch] Launching game...
[2023-10-01 18:26:51.542] [DISPLAY] [12572] [gamelaunch]  Path: C:\Program Files (x86)\Steam\steamapps\common\Red Dead Redemption 2\RDR2.exe
[2023-10-01 18:26:51.542] [DISPLAY] [12572] [gamelaunch]  Command Line: "C:\Program Files (x86)\Steam\steamapps\common\Red Dead Redemption 2\RDR2.exe" -skipPatcherCheck @args.txt @commandline.txt -enableCrashpad -useSteam -steamAppId=1174180 -scCommerceProvider=4
[2023-10-01 18:26:51.542] [DISPLAY] [12572] [gamelaunch]  Working Directory: C:\Program Files (x86)\Steam\steamapps\common\Red Dead Redemption 2
[2023-10-01 18:29:47.194] [DISPLAY] [Main ] [sysinfo] OS Version: Major: 10 Minor: 0 Build: 19045 Service Pack: 
[2023-10-01 18:29:47.205] [DISPLAY] [Main ] [sysinfo] Drive C:\ has 45.47 GB free, 476.30 GB total
[2023-10-01 18:29:47.439] [DISPLAY] [Main ] [sysinfo] OS Version: Major: 10 Minor: 0 Build: 19045 Service Pack: 
[2023-10-01 18:29:47.450] [DISPLAY] [Main ] [sysinfo] OS Version: Major: 10 Minor: 0 Build: 19045 Service Pack: 
[2023-10-01 18:29:47.461] [DISPLAY] [Main ] [sysinfo] Drive C:\ has 45.47 GB free, 476.30 GB total
[2023-10-01 18:29:47.498] [DISPLAY] [Main ] [sysinfo] OS Version: Major: 10 Minor: 0 Build: 19045 Service Pack: 
[2023-10-01 18:40:58.342] [DISPLAY] [12572] [gamelaunch] Game exited with code 0x0 (0)
[2023-10-01 18:40:58.343] [DISPLAY] [12572] [crashdetection] Reading game exit file...
[2023-10-01 18:40:58.343] [DISPLAY] [12572] [crashdetection] Updating exit code: 0x00000000
[2023-10-01 18:40:58.343] [WARNING] [12572] [crashdetection] Not found: ERROR_FILE_HASH
[2023-10-01 18:40:58.343] [DISPLAY] [12572] [crashdetection] No additional error information found.
[2023-10-01 18:40:58.343] [WARNING] [12572] [crashdetection] Not found: ERROR_MESSAGE
[2023-10-01 18:40:58.343] [DISPLAY] [12572] [crashdetection] No additional error message found.
[2023-10-01 18:40:58.343] [DISPLAY] [12572] [crashdetection] Deleting game exit file...
[2023-10-01 18:40:58.344] [DISPLAY] [12572] [crashdetection] Exit code 0x0 indicates a clean game shutdown
[2023-10-01 18:40:58.425] [DISPLAY] [Main ] [cloudsaveop] Cloud Save sync requested for title 'rdr2'
[2023-10-01 18:40:58.443] [DISPLAY] [Main ] [cloudsaveop] Starting cloud save enabled check for title 'rdr2'
[2023-10-01 18:40:58.446] [DISPLAY] [Main ] [cloudsaveop] Received cloud saves enabled state for title 'rdr2' = enabled
[2023-10-01 18:40:58.446] [DISPLAY] [Main ] [cloudsaveop] Identifying potential cloud save conflicts for title 'rdr2'
[2023-10-01 18:40:59.351] [DISPLAY] [Main ] [cloudsaveop] Received modification list of cloud save files for title 'rdr2'
[2023-10-01 18:40:59.351] [DISPLAY] [Main ] [cloudsaveop] Retrieving conflict metadata for title 'rdr2'
[2023-10-01 18:40:59.367] [DISPLAY] [Main ] [cloudsaveop] Downloaded conflict metadata for title 'rdr2'
[2023-10-01 18:40:59.367] [DISPLAY] [Main ] [cloudsaveop] Posting updated files for title 'rdr2'
[2023-10-01 18:41:02.849] [DISPLAY] [Main ] [cloudsaveop] File uploading completed for title 'rdr2'
[2023-10-01 18:41:02.850] [DISPLAY] [Main ] [cloudsaveop] Getting update files for title 'rdr2'
[2023-10-01 18:41:02.866] [DISPLAY] [Main ] [cloudsaveop] File downloading completed for title 'rdr2'
[2023-10-01 18:41:02.866] [DISPLAY] [Main ] [cloudsaveop] Deleting updated files for title 'rdr2'
[2023-10-01 18:41:02.883] [DISPLAY] [Main ] [cloudsaveop] Files deletion completed for title 'rdr2'
[2023-10-01 18:41:02.883] [DISPLAY] [Main ] [cloudsaveop] Swapping updated files in place for title 'rdr2'
[2023-10-01 18:41:02.902] [DISPLAY] [Main ] [cloudsaveop] Finished syncing cloud saves for title 'rdr2'
[2023-10-01 18:41:03.754] [DISPLAY] [12572] [launcher] Shutdown requested! Forced: false
[2023-10-01 18:41:03.756] [DISPLAY] [Main ] [launcher] StartShutdown - Now in progress
[2023-10-01 18:41:04.963] [DISPLAY] [Main ] [app] Application quit requested (exit code: 0)
[2023-10-01 18:41:05.040] [DISPLAY] [Main ] [svc] Stopping the background service.
