[2023-09-05 13:29:43.797] [DISPLAY] [Main ] [sysinfo] OS Version: Major: 10 Minor: 0 Build: 19045 Service Pack: 
[2023-09-05 13:29:43.857] [DISPLAY] [Main ] [sysinfo] OS Version: Major: 10 Minor: 0 Build: 19045 Service Pack: 
[2023-09-05 13:29:43.878] [DISPLAY] [Main ] [main] Working directory: C:\Program Files\Rockstar Games\Launcher
[2023-09-05 13:29:43.925] [DISPLAY] [Main ] [minmode] Running in Steam mode
[2023-09-05 13:29:43.925] [DISPLAY] [Main ] [minmode] Steam App Id: 1174180
[2023-09-05 13:29:43.925] [DISPLAY] [Main ] [minmode] Title Id: rdr2
[2023-09-05 13:29:43.925] [DISPLAY] [Main ] [minmode] Location: C:\Program Files (x86)\Steam\steamapps\common\Red Dead Redemption 2
[2023-09-05 13:29:43.925] [DISPLAY] [Main ] [launcher] Opening log file.
[2023-09-05 13:29:43.949] [DISPLAY] [Main ] [main] Command line: "C:\Program Files\Rockstar Games\Launcher\Launcher.exe" -skipPatcherCheck -steamAppId=1174180 @args.txt
[2023-09-05 13:29:43.949] [DISPLAY] [Main ] [main] Build type: FMB
[2023-09-05 13:29:43.949] [DISPLAY] [Main ] [main] Version: 1.0.77.1590
[2023-09-05 13:29:43.949] [DISPLAY] [Main ] [main] Parameters:
[2023-09-05 13:29:43.949] [DISPLAY] [Main ] [main]     C:\Program Files\Rockstar Games\Launcher\Launcher.exe
[2023-09-05 13:29:43.949] [DISPLAY] [Main ] [main]     -skipPatcherCheck
[2023-09-05 13:29:43.949] [DISPLAY] [Main ] [main]     -steamAppId=1174180
[2023-09-05 13:29:43.949] [DISPLAY] [Main ] [main]     @args.txt
[2023-09-05 13:29:43.994] [DISPLAY] [Main ] [titlemanager] Installed titles:
[2023-09-05 13:29:43.994] [DISPLAY] [Main ] [titlemanager]  Title                             Progress               Version              Location                                                    
[2023-09-05 13:29:44.013] [DISPLAY] [Main ] [svc] Service version: 1.0.77.1590 (1.0.77.1590)
[2023-09-05 13:29:44.273] [DISPLAY] [Main ] [fileutils] Version: 2.1.9.8 | 1.0.77.1590 | FFP
[2023-09-05 13:29:44.364] [DISPLAY] [Workr] [selfupdate] Up-to-date.
[2023-09-05 13:29:44.668] [DISPLAY] [bgsvc] [svc] Received response from service.
[2023-09-05 13:29:45.098] [DISPLAY] [Main ] [systemtray] System tray: enabled
[2023-09-05 13:29:45.172] [DISPLAY] [Workr] [idownloader] Starting download of 'https://gamedownloads-rockstargames-com.akamaized.net/public/launcher_online_config.xml'
[2023-09-05 13:29:45.262] [DISPLAY] [Workr] [idownloader] Completed download of 'https://gamedownloads-rockstargames-com.akamaized.net/public/launcher_online_config.xml' (status: 0/200)
[2023-09-05 13:29:45.262] [DISPLAY] [Workr] [titlemanager] Downloading title list...
[2023-09-05 13:29:45.295] [DISPLAY] [Workr] [idownloader] Starting download of 'https://gamedownloads-rockstargames-com.akamaized.net/public/title_metadata.json'
[2023-09-05 13:29:45.337] [DISPLAY] [Workr] [idownloader] Completed download of 'https://gamedownloads-rockstargames-com.akamaized.net/public/title_metadata.json' (status: 0/200)
[2023-09-05 13:29:45.449] [DISPLAY] [Workr] [titlemanager] Downloading default title list (SCS)...
[2023-09-05 13:29:45.449] [DISPLAY] [Workr] [idownloader] Starting download of 'https://rgl-prod.ros.rockstargames.com/launcher/11/LauncherServices/App.asmx/GetDefaultApps?accessToken='
[2023-09-05 13:29:46.277] [DISPLAY] [Workr] [idownloader] Completed download of 'https://rgl-prod.ros.rockstargames.com/launcher/11/LauncherServices/App.asmx/GetDefaultApps?accessToken=' (status: 0/200)
[2023-09-05 13:29:46.278] [DISPLAY] [Workr] [titlemanager] Title list updated.
[2023-09-05 13:29:46.278] [DISPLAY] [Workr] [launcher] Checking for self-update...
[2023-09-05 13:29:46.293] [DISPLAY] [Workr] [statuschecker] Title Rockstar Games Launcher: No update
[2023-09-05 13:29:46.342] [DISPLAY] [Workr] [launcher] No self-update, continuing.
[2023-09-05 13:29:46.342] [DISPLAY] [Workr] [launcher] Checking for prerequisite updates...
[2023-09-05 13:29:46.365] [DISPLAY] [Workr] [preqmanager] The Social Club version available matches that currently installed (both: 2.1.9.8)
[2023-09-05 13:29:46.365] [DISPLAY] [Workr] [titleupdater] No prerequisites to install.
[2023-09-05 13:29:48.828] [DISPLAY] [Main ] [launcher] Social Club UI has started.
[2023-09-05 13:29:48.831] [DISPLAY] [Main ] [external] Notifying Social Club UI about external launch...
[2023-09-05 13:29:48.831] [DISPLAY] [Admin] [external] Setting up Steam title...
[2023-09-05 13:29:48.832] [DISPLAY] [Admin] [titlemanager] Skipping title metadata download as it is available and less old (0 minutes) than the refresh delay (60 minutes).
[2023-09-05 13:29:48.832] [DISPLAY] [Admin] [external] Ready to attempt a launch.
[2023-09-05 13:29:53.109] [DISPLAY] [Main ] [launcher] Presence Event - Signed In
[2023-09-05 13:29:53.109] [DISPLAY] [Main ] [launcher] User 'Pedropotee' is now signed in
[2023-09-05 13:29:53.246] [DISPLAY] [Main ] [launcher] Presence Event :: Went Online
[2023-09-05 13:29:53.247] [DISPLAY] [Main ] [external] Preparing to update/launch...
[2023-09-05 13:29:53.247] [DISPLAY] [Admin] [titlemanager] Downloading title list...
[2023-09-05 13:29:53.247] [DISPLAY] [Admin] [titlemanager] Skipping title metadata download as it is available and less old (0 minutes) than the refresh delay (60 minutes).
[2023-09-05 13:29:53.247] [DISPLAY] [Admin] [titlemanager] Downloading title list (SCS)...
[2023-09-05 13:29:53.247] [DISPLAY] [Main ] [launcher] Time to start up: 9597 ms
[2023-09-05 13:29:53.256] [DISPLAY] [Main ] [ui_mainwindow] Using DPI 96,96
[2023-09-05 13:29:53.256] [DISPLAY] [Main ] [ui_mainwindow] Using UI Scale: 1.00
[2023-09-05 13:29:53.259] [DISPLAY] [Main ] [ui_mainwindow] Using saved geometry: 0,45 (1280 x 600)
[2023-09-05 13:29:53.276] [DISPLAY] [Main ] [systemtray] System tray: enabled
[2023-09-05 13:29:53.307] [DISPLAY] [Main ] [scuicallbacks] Enabling Downloading
[2023-09-05 13:29:53.408] [DISPLAY] [Main ] [launcher] Friend Event - Friends are Available
[2023-09-05 13:29:53.767] [DISPLAY] [Main ] [scuicallbacks] Setting updated
[2023-09-05 13:29:53.767] [DISPLAY] [Main ] [scuicallbacks] Launch requested
[2023-09-05 13:29:53.767] [DISPLAY] [Main ] [scuicallbacks] Launch requested by user: rdr2, 
[2023-09-05 13:29:53.767] [DISPLAY] [Main ] [external] Attempting external title launch...
[2023-09-05 13:29:54.289] [DISPLAY] [Admin] [titlemanager] Title list updated.
[2023-09-05 13:29:54.294] [DISPLAY] [Admin] [external] Ready to attempt a launch.
[2023-09-05 13:29:54.294] [DISPLAY] [Admin] [external] Attempting Steam launch. User is 'Quintoberto Neves'
[2023-09-05 13:29:54.385] [DISPLAY] [18548] [gamelaunch] RGL is up to date (current: 1.0.77.1590, minimum: 1.0.33.319)
[2023-09-05 13:29:54.392] [DISPLAY] [18548] [gamelaunch] Red Dead Redemption 2 is up to date (current: 1.0.1491.18, minimum: 1.0.1355.18)
[2023-09-05 13:29:56.083] [DISPLAY] [Admin] [titlemanager] Downloading title list...
[2023-09-05 13:29:56.083] [DISPLAY] [Admin] [titlemanager] Skipping title metadata download as it is available and less old (0 minutes) than the refresh delay (60 minutes).
[2023-09-05 13:29:56.083] [DISPLAY] [Admin] [titlemanager] Downloading title list (SCS)...
[2023-09-05 13:29:57.069] [DISPLAY] [Admin] [titlemanager] Title list updated.
[2023-09-05 13:29:59.534] [DISPLAY] [Main ] [cloudsaveop] Cloud Save sync requested for title 'rdr2'
[2023-09-05 13:29:59.552] [DISPLAY] [Main ] [cloudsaveop] Starting cloud save enabled check for title 'rdr2'
[2023-09-05 13:29:59.555] [DISPLAY] [Main ] [cloudsaveop] Received cloud saves enabled state for title 'rdr2' = enabled
[2023-09-05 13:29:59.555] [DISPLAY] [Main ] [cloudsaveop] Identifying potential cloud save conflicts for title 'rdr2'
[2023-09-05 13:30:00.379] [DISPLAY] [Main ] [cloudsaveop] Received modification list of cloud save files for title 'rdr2'
[2023-09-05 13:30:00.380] [DISPLAY] [Main ] [cloudsaveop] Retrieving conflict metadata for title 'rdr2'
[2023-09-05 13:30:00.396] [DISPLAY] [Main ] [cloudsaveop] Downloaded conflict metadata for title 'rdr2'
[2023-09-05 13:30:00.397] [DISPLAY] [Main ] [cloudsaveop] Posting updated files for title 'rdr2'
[2023-09-05 13:30:00.413] [DISPLAY] [Main ] [cloudsaveop] File uploading completed for title 'rdr2'
[2023-09-05 13:30:00.413] [DISPLAY] [Main ] [cloudsaveop] Getting update files for title 'rdr2'
[2023-09-05 13:30:00.431] [DISPLAY] [Main ] [cloudsaveop] File downloading completed for title 'rdr2'
[2023-09-05 13:30:00.431] [DISPLAY] [Main ] [cloudsaveop] Deleting updated files for title 'rdr2'
[2023-09-05 13:30:00.447] [DISPLAY] [Main ] [cloudsaveop] Files deletion completed for title 'rdr2'
[2023-09-05 13:30:00.447] [DISPLAY] [Main ] [cloudsaveop] Swapping updated files in place for title 'rdr2'
[2023-09-05 13:30:00.469] [DISPLAY] [Main ] [cloudsaveop] Finished syncing cloud saves for title 'rdr2'
[2023-09-05 13:30:00.589] [DISPLAY] [net1 ] [audio] Valid Audio Device: true
[2023-09-05 13:30:01.752] [DISPLAY] [18548] [gamelaunch] Launching game...
[2023-09-05 13:30:01.752] [DISPLAY] [18548] [gamelaunch]  Path: C:\Program Files (x86)\Steam\steamapps\common\Red Dead Redemption 2\RDR2.exe
[2023-09-05 13:30:01.752] [DISPLAY] [18548] [gamelaunch]  Command Line: "C:\Program Files (x86)\Steam\steamapps\common\Red Dead Redemption 2\RDR2.exe" -skipPatcherCheck @args.txt @commandline.txt -enableCrashpad -useSteam -steamAppId=1174180 -scCommerceProvider=4
[2023-09-05 13:30:01.752] [DISPLAY] [18548] [gamelaunch]  Working Directory: C:\Program Files (x86)\Steam\steamapps\common\Red Dead Redemption 2
[2023-09-05 14:20:25.355] [DISPLAY] [18548] [gamelaunch] Game exited with code 0x0 (0)
[2023-09-05 14:20:25.356] [DISPLAY] [18548] [crashdetection] Reading game exit file...
[2023-09-05 14:20:25.356] [DISPLAY] [18548] [crashdetection] Updating exit code: 0x00000000
[2023-09-05 14:20:25.356] [WARNING] [18548] [crashdetection] Not found: ERROR_FILE_HASH
[2023-09-05 14:20:25.356] [DISPLAY] [18548] [crashdetection] No additional error information found.
[2023-09-05 14:20:25.356] [WARNING] [18548] [crashdetection] Not found: ERROR_MESSAGE
[2023-09-05 14:20:25.356] [DISPLAY] [18548] [crashdetection] No additional error message found.
[2023-09-05 14:20:25.356] [DISPLAY] [18548] [crashdetection] Deleting game exit file...
[2023-09-05 14:20:25.357] [DISPLAY] [18548] [crashdetection] Exit code 0x0 indicates a clean game shutdown
[2023-09-05 14:20:25.441] [DISPLAY] [Main ] [cloudsaveop] Cloud Save sync requested for title 'rdr2'
[2023-09-05 14:20:25.458] [DISPLAY] [Main ] [cloudsaveop] Starting cloud save enabled check for title 'rdr2'
[2023-09-05 14:20:25.461] [DISPLAY] [Main ] [cloudsaveop] Received cloud saves enabled state for title 'rdr2' = enabled
[2023-09-05 14:20:25.461] [DISPLAY] [Main ] [cloudsaveop] Title access token was missing or expired, refreshing access for title 'rdr2'
[2023-09-05 14:20:25.461] [DISPLAY] [Main ] [cloudsaveop] Retrieving access token for title 'rdr2' (13)
[2023-09-05 14:20:26.271] [DISPLAY] [Main ] [cloudsaveop] Identifying potential cloud save conflicts for title 'rdr2'
[2023-09-05 14:20:27.113] [DISPLAY] [Main ] [cloudsaveop] Received modification list of cloud save files for title 'rdr2'
[2023-09-05 14:20:27.114] [DISPLAY] [Main ] [cloudsaveop] Retrieving conflict metadata for title 'rdr2'
[2023-09-05 14:20:27.130] [DISPLAY] [Main ] [cloudsaveop] Downloaded conflict metadata for title 'rdr2'
[2023-09-05 14:20:27.130] [DISPLAY] [Main ] [cloudsaveop] Posting updated files for title 'rdr2'
[2023-09-05 14:20:33.123] [DISPLAY] [Main ] [cloudsaveop] File uploading completed for title 'rdr2'
[2023-09-05 14:20:33.123] [DISPLAY] [Main ] [cloudsaveop] Getting update files for title 'rdr2'
[2023-09-05 14:20:33.139] [DISPLAY] [Main ] [cloudsaveop] File downloading completed for title 'rdr2'
[2023-09-05 14:20:33.139] [DISPLAY] [Main ] [cloudsaveop] Deleting updated files for title 'rdr2'
[2023-09-05 14:20:33.155] [DISPLAY] [Main ] [cloudsaveop] Files deletion completed for title 'rdr2'
[2023-09-05 14:20:33.155] [DISPLAY] [Main ] [cloudsaveop] Swapping updated files in place for title 'rdr2'
[2023-09-05 14:20:33.177] [DISPLAY] [Main ] [cloudsaveop] Finished syncing cloud saves for title 'rdr2'
[2023-09-05 14:20:34.034] [DISPLAY] [18548] [launcher] Shutdown requested! Forced: false
[2023-09-05 14:20:34.054] [DISPLAY] [Main ] [launcher] StartShutdown - Now in progress
[2023-09-05 14:20:35.161] [DISPLAY] [Main ] [app] Application quit requested (exit code: 0)
[2023-09-05 14:20:35.238] [DISPLAY] [Main ] [svc] Stopping the background service.
