[2023-09-29 10:46:07.953] [DISPLAY] [Main ] [sysinfo] OS Version: Major: 10 Minor: 0 Build: 19045 Service Pack: 
[2023-09-29 10:46:07.973] [DISPLAY] [Main ] [sysinfo] OS Version: Major: 10 Minor: 0 Build: 19045 Service Pack: 
[2023-09-29 10:46:07.992] [DISPLAY] [Main ] [main] Working directory: C:\Program Files\Rockstar Games\Launcher
[2023-09-29 10:46:08.018] [DISPLAY] [Main ] [minmode] Running in Steam mode
[2023-09-29 10:46:08.018] [DISPLAY] [Main ] [minmode] Steam App Id: 1174180
[2023-09-29 10:46:08.018] [DISPLAY] [Main ] [minmode] Title Id: rdr2
[2023-09-29 10:46:08.018] [DISPLAY] [Main ] [minmode] Location: C:\Program Files (x86)\Steam\steamapps\common\Red Dead Redemption 2
[2023-09-29 10:46:08.018] [DISPLAY] [Main ] [launcher] Opening log file.
[2023-09-29 10:46:08.035] [DISPLAY] [Main ] [main] Command line: "C:\Program Files\Rockstar Games\Launcher\Launcher.exe" -skipPatcherCheck -steamAppId=1174180 @args.txt
[2023-09-29 10:46:08.035] [DISPLAY] [Main ] [main] Build type: FMB
[2023-09-29 10:46:08.035] [DISPLAY] [Main ] [main] Version: 1.0.78.1620
[2023-09-29 10:46:08.035] [DISPLAY] [Main ] [main] Parameters:
[2023-09-29 10:46:08.035] [DISPLAY] [Main ] [main]     C:\Program Files\Rockstar Games\Launcher\Launcher.exe
[2023-09-29 10:46:08.035] [DISPLAY] [Main ] [main]     -skipPatcherCheck
[2023-09-29 10:46:08.035] [DISPLAY] [Main ] [main]     -steamAppId=1174180
[2023-09-29 10:46:08.035] [DISPLAY] [Main ] [main]     @args.txt
[2023-09-29 10:46:08.071] [DISPLAY] [Main ] [titlemanager] Installed titles:
[2023-09-29 10:46:08.071] [DISPLAY] [Main ] [titlemanager]  Title                             Progress               Version              Location                                                    
[2023-09-29 10:46:08.096] [DISPLAY] [Main ] [svc] Service version: 1.0.78.1620 (1.0.78.1620)
[2023-09-29 10:46:08.261] [DISPLAY] [Main ] [fileutils] Version: 2.2.0.6 | 1.0.78.1620 | FFP
[2023-09-29 10:46:08.336] [DISPLAY] [Workr] [selfupdate] Up-to-date.
[2023-09-29 10:46:08.910] [DISPLAY] [Main ] [systemtray] System tray: enabled
[2023-09-29 10:46:09.105] [DISPLAY] [bgsvc] [svc] Received response from service.
[2023-09-29 10:46:09.128] [DISPLAY] [Workr] [idownloader] Starting download of 'https://gamedownloads-rockstargames-com.akamaized.net/public/launcher_online_config.xml'
[2023-09-29 10:46:09.247] [DISPLAY] [Workr] [idownloader] Completed download of 'https://gamedownloads-rockstargames-com.akamaized.net/public/launcher_online_config.xml' (status: 0/200)
[2023-09-29 10:46:09.247] [DISPLAY] [Workr] [titlemanager] Downloading title list...
[2023-09-29 10:46:09.285] [DISPLAY] [Workr] [idownloader] Starting download of 'https://gamedownloads-rockstargames-com.akamaized.net/public/title_metadata.json'
[2023-09-29 10:46:09.323] [DISPLAY] [Workr] [idownloader] Completed download of 'https://gamedownloads-rockstargames-com.akamaized.net/public/title_metadata.json' (status: 0/200)
[2023-09-29 10:46:09.377] [DISPLAY] [Workr] [titlemanager] Downloading default title list (SCS)...
[2023-09-29 10:46:09.377] [DISPLAY] [Workr] [idownloader] Starting download of 'https://rgl-prod.ros.rockstargames.com/launcher/11/LauncherServices/App.asmx/GetDefaultApps?accessToken='
[2023-09-29 10:46:10.273] [DISPLAY] [Workr] [idownloader] Completed download of 'https://rgl-prod.ros.rockstargames.com/launcher/11/LauncherServices/App.asmx/GetDefaultApps?accessToken=' (status: 0/200)
[2023-09-29 10:46:10.273] [DISPLAY] [Workr] [titlemanager] Title list updated.
[2023-09-29 10:46:10.273] [DISPLAY] [Workr] [launcher] Checking for self-update...
[2023-09-29 10:46:10.281] [DISPLAY] [Workr] [statuschecker] Title Rockstar Games Launcher: No update
[2023-09-29 10:46:10.309] [DISPLAY] [Workr] [launcher] No self-update, continuing.
[2023-09-29 10:46:10.309] [DISPLAY] [Workr] [launcher] Checking for prerequisite updates...
[2023-09-29 10:46:10.323] [DISPLAY] [Workr] [preqmanager] The Social Club version available matches that currently installed (both: 2.2.0.6)
[2023-09-29 10:46:10.323] [DISPLAY] [Workr] [titleupdater] No prerequisites to install.
[2023-09-29 10:46:17.071] [DISPLAY] [Main ] [launcher] Social Club UI has started.
[2023-09-29 10:46:17.074] [DISPLAY] [Main ] [external] Notifying Social Club UI about external launch...
[2023-09-29 10:46:17.075] [DISPLAY] [Admin] [external] Setting up Steam title...
[2023-09-29 10:46:17.075] [DISPLAY] [Admin] [titlemanager] Skipping title metadata download as it is available and less old (0 minutes) than the refresh delay (60 minutes).
[2023-09-29 10:46:17.075] [DISPLAY] [Admin] [external] Ready to attempt a launch.
[2023-09-29 10:46:21.897] [DISPLAY] [Main ] [launcher] Presence Event - Signed In
[2023-09-29 10:46:21.897] [DISPLAY] [Main ] [launcher] User 'Pedropotee' is now signed in
[2023-09-29 10:46:22.001] [DISPLAY] [Main ] [launcher] Presence Event :: Went Online
[2023-09-29 10:46:22.001] [DISPLAY] [Main ] [external] Preparing to update/launch...
[2023-09-29 10:46:22.001] [DISPLAY] [Admin] [titlemanager] Downloading title list...
[2023-09-29 10:46:22.002] [DISPLAY] [Admin] [titlemanager] Skipping title metadata download as it is available and less old (0 minutes) than the refresh delay (60 minutes).
[2023-09-29 10:46:22.002] [DISPLAY] [Admin] [titlemanager] Downloading title list (SCS)...
[2023-09-29 10:46:22.002] [DISPLAY] [Main ] [launcher] Time to start up: 14177 ms
[2023-09-29 10:46:22.011] [DISPLAY] [Main ] [ui_mainwindow] Using DPI 96,96
[2023-09-29 10:46:22.011] [DISPLAY] [Main ] [ui_mainwindow] Using UI Scale: 1.00
[2023-09-29 10:46:22.014] [DISPLAY] [Main ] [ui_mainwindow] Using saved geometry: 0,45 (1280 x 600)
[2023-09-29 10:46:22.031] [DISPLAY] [Main ] [systemtray] System tray: enabled
[2023-09-29 10:46:22.063] [DISPLAY] [Main ] [scuicallbacks] Enabling Downloading
[2023-09-29 10:46:22.167] [DISPLAY] [Main ] [launcher] Friend Event - Friends are Available
[2023-09-29 10:46:22.524] [DISPLAY] [Main ] [scuicallbacks] Setting updated
[2023-09-29 10:46:22.524] [DISPLAY] [Main ] [scuicallbacks] Launch requested
[2023-09-29 10:46:22.524] [DISPLAY] [Main ] [scuicallbacks] Launch requested by user: rdr2, 
[2023-09-29 10:46:22.524] [DISPLAY] [Main ] [external] Attempting external title launch...
[2023-09-29 10:46:23.095] [DISPLAY] [Admin] [titlemanager] Title list updated.
[2023-09-29 10:46:23.102] [DISPLAY] [Admin] [external] Ready to attempt a launch.
[2023-09-29 10:46:23.102] [DISPLAY] [Admin] [external] Attempting Steam launch. User is 'Irineu de POTópolis'
[2023-09-29 10:46:23.273] [DISPLAY] [18408] [gamelaunch] RGL is up to date (current: 1.0.78.1620, minimum: 1.0.33.319)
[2023-09-29 10:46:23.277] [DISPLAY] [18408] [gamelaunch] Red Dead Redemption 2 is up to date (current: 1.0.1491.18, minimum: 1.0.1355.18)
[2023-09-29 10:46:25.080] [DISPLAY] [Admin] [titlemanager] Downloading title list...
[2023-09-29 10:46:25.080] [DISPLAY] [Admin] [titlemanager] Skipping title metadata download as it is available and less old (0 minutes) than the refresh delay (60 minutes).
[2023-09-29 10:46:25.080] [DISPLAY] [Admin] [titlemanager] Downloading title list (SCS)...
[2023-09-29 10:46:26.041] [DISPLAY] [Admin] [titlemanager] Title list updated.
[2023-09-29 10:46:28.997] [DISPLAY] [Main ] [cloudsaveop] Cloud Save sync requested for title 'rdr2'
[2023-09-29 10:46:29.013] [DISPLAY] [Main ] [cloudsaveop] Starting cloud save enabled check for title 'rdr2'
[2023-09-29 10:46:29.021] [DISPLAY] [Main ] [cloudsaveop] Received cloud saves enabled state for title 'rdr2' = enabled
[2023-09-29 10:46:29.021] [DISPLAY] [Main ] [cloudsaveop] Identifying potential cloud save conflicts for title 'rdr2'
[2023-09-29 10:46:29.931] [DISPLAY] [Main ] [cloudsaveop] Received modification list of cloud save files for title 'rdr2'
[2023-09-29 10:46:29.932] [DISPLAY] [Main ] [cloudsaveop] Retrieving conflict metadata for title 'rdr2'
[2023-09-29 10:46:29.948] [DISPLAY] [Main ] [cloudsaveop] Downloaded conflict metadata for title 'rdr2'
[2023-09-29 10:46:29.949] [DISPLAY] [Main ] [cloudsaveop] Posting updated files for title 'rdr2'
[2023-09-29 10:46:29.966] [DISPLAY] [Main ] [cloudsaveop] File uploading completed for title 'rdr2'
[2023-09-29 10:46:29.966] [DISPLAY] [Main ] [cloudsaveop] Getting update files for title 'rdr2'
[2023-09-29 10:46:29.983] [DISPLAY] [Main ] [cloudsaveop] File downloading completed for title 'rdr2'
[2023-09-29 10:46:29.983] [DISPLAY] [Main ] [cloudsaveop] Deleting updated files for title 'rdr2'
[2023-09-29 10:46:30.000] [DISPLAY] [Main ] [cloudsaveop] Files deletion completed for title 'rdr2'
[2023-09-29 10:46:30.000] [DISPLAY] [Main ] [cloudsaveop] Swapping updated files in place for title 'rdr2'
[2023-09-29 10:46:30.021] [DISPLAY] [Main ] [cloudsaveop] Finished syncing cloud saves for title 'rdr2'
[2023-09-29 10:46:30.128] [DISPLAY] [net3 ] [audio] Valid Audio Device: true
[2023-09-29 10:46:31.307] [DISPLAY] [18408] [gamelaunch] Launching game...
[2023-09-29 10:46:31.307] [DISPLAY] [18408] [gamelaunch]  Path: C:\Program Files (x86)\Steam\steamapps\common\Red Dead Redemption 2\RDR2.exe
[2023-09-29 10:46:31.307] [DISPLAY] [18408] [gamelaunch]  Command Line: "C:\Program Files (x86)\Steam\steamapps\common\Red Dead Redemption 2\RDR2.exe" -skipPatcherCheck @args.txt @commandline.txt -enableCrashpad -useSteam -steamAppId=1174180 -scCommerceProvider=4
[2023-09-29 10:46:31.307] [DISPLAY] [18408] [gamelaunch]  Working Directory: C:\Program Files (x86)\Steam\steamapps\common\Red Dead Redemption 2
[2023-09-29 10:50:14.119] [DISPLAY] [Main ] [sysinfo] OS Version: Major: 10 Minor: 0 Build: 19045 Service Pack: 
[2023-09-29 10:50:14.133] [DISPLAY] [Main ] [sysinfo] Drive C:\ has 48.17 GB free, 476.30 GB total
[2023-09-29 10:50:14.351] [DISPLAY] [Main ] [sysinfo] OS Version: Major: 10 Minor: 0 Build: 19045 Service Pack: 
[2023-09-29 10:50:14.362] [DISPLAY] [Main ] [sysinfo] OS Version: Major: 10 Minor: 0 Build: 19045 Service Pack: 
[2023-09-29 10:50:14.376] [DISPLAY] [Main ] [sysinfo] Drive C:\ has 48.17 GB free, 476.30 GB total
[2023-09-29 10:50:14.422] [DISPLAY] [Main ] [sysinfo] OS Version: Major: 10 Minor: 0 Build: 19045 Service Pack: 
[2023-09-29 11:22:57.341] [DISPLAY] [18408] [gamelaunch] Game exited with code 0x0 (0)
[2023-09-29 11:22:57.342] [DISPLAY] [18408] [crashdetection] Reading game exit file...
[2023-09-29 11:22:57.342] [DISPLAY] [18408] [crashdetection] Updating exit code: 0x00000000
[2023-09-29 11:22:57.342] [WARNING] [18408] [crashdetection] Not found: ERROR_FILE_HASH
[2023-09-29 11:22:57.342] [DISPLAY] [18408] [crashdetection] No additional error information found.
[2023-09-29 11:22:57.342] [WARNING] [18408] [crashdetection] Not found: ERROR_MESSAGE
[2023-09-29 11:22:57.342] [DISPLAY] [18408] [crashdetection] No additional error message found.
[2023-09-29 11:22:57.342] [DISPLAY] [18408] [crashdetection] Deleting game exit file...
[2023-09-29 11:22:57.343] [DISPLAY] [18408] [crashdetection] Exit code 0x0 indicates a clean game shutdown
[2023-09-29 11:22:57.438] [DISPLAY] [Main ] [cloudsaveop] Cloud Save sync requested for title 'rdr2'
[2023-09-29 11:22:57.456] [DISPLAY] [Main ] [cloudsaveop] Starting cloud save enabled check for title 'rdr2'
[2023-09-29 11:22:57.459] [DISPLAY] [Main ] [cloudsaveop] Received cloud saves enabled state for title 'rdr2' = enabled
[2023-09-29 11:22:57.459] [DISPLAY] [Main ] [cloudsaveop] Identifying potential cloud save conflicts for title 'rdr2'
[2023-09-29 11:22:58.351] [DISPLAY] [Main ] [cloudsaveop] Received modification list of cloud save files for title 'rdr2'
[2023-09-29 11:22:58.351] [DISPLAY] [Main ] [cloudsaveop] Retrieving conflict metadata for title 'rdr2'
[2023-09-29 11:22:58.370] [DISPLAY] [Main ] [cloudsaveop] Downloaded conflict metadata for title 'rdr2'
[2023-09-29 11:22:58.370] [DISPLAY] [Main ] [cloudsaveop] Posting updated files for title 'rdr2'
[2023-09-29 11:23:01.933] [DISPLAY] [Main ] [cloudsaveop] File uploading completed for title 'rdr2'
[2023-09-29 11:23:01.933] [DISPLAY] [Main ] [cloudsaveop] Getting update files for title 'rdr2'
[2023-09-29 11:23:01.950] [DISPLAY] [Main ] [cloudsaveop] File downloading completed for title 'rdr2'
[2023-09-29 11:23:01.950] [DISPLAY] [Main ] [cloudsaveop] Deleting updated files for title 'rdr2'
[2023-09-29 11:23:01.968] [DISPLAY] [Main ] [cloudsaveop] Files deletion completed for title 'rdr2'
[2023-09-29 11:23:01.968] [DISPLAY] [Main ] [cloudsaveop] Swapping updated files in place for title 'rdr2'
[2023-09-29 11:23:01.987] [DISPLAY] [Main ] [cloudsaveop] Finished syncing cloud saves for title 'rdr2'
[2023-09-29 11:23:02.920] [DISPLAY] [18408] [launcher] Shutdown requested! Forced: false
[2023-09-29 11:23:02.923] [DISPLAY] [Main ] [launcher] StartShutdown - Now in progress
[2023-09-29 11:23:04.140] [DISPLAY] [Main ] [app] Application quit requested (exit code: 0)
[2023-09-29 11:23:04.234] [DISPLAY] [Main ] [svc] Stopping the background service.
